Using pre-set license
Built from '2020.3/staging' branch; Version is '2020.3.11f1 (99c7afb366b3) revision 10078127'; Using compiler version '192528614'; Build Type 'Release'
OS: 'Windows 10 Pro; OS build 19043.1288; Version 2009; 64bit' Language: 'es' Physical Memory: 8061 MB
BatchMode: 1, IsHumanControllingUs: 0, StartBugReporterOnCrash: 0, Is64bit: 1, IsPro: 0

 COMMAND LINE ARGUMENTS:
C:\Program Files\2020.3.11f1\Editor\Unity.exe
-adb2
-batchMode
-noUpm
-name
AssetImportWorker0
-projectPath
D:/tuto/universidad/Tesis/Katharsis/Katharsis/Katharsis
-logFile
Logs/AssetImportWorker0.log
-srvPort
57070
Successfully changed project path to: D:/tuto/universidad/Tesis/Katharsis/Katharsis/Katharsis
D:/tuto/universidad/Tesis/Katharsis/Katharsis/Katharsis
Using Asset Import Pipeline V2.
Refreshing native plugins compatible for Editor in 67.41 ms, found 2 plugins.
Preloading 0 native plugins for Editor in 0.00 ms.
Initialize engine version: 2020.3.11f1 (99c7afb366b3)
[Subsystems] Discovering subsystems at path C:/Program Files/2020.3.11f1/Editor/Data/Resources/UnitySubsystems
[Subsystems] Discovering subsystems at path D:/tuto/universidad/Tesis/Katharsis/Katharsis/Katharsis/Assets
GfxDevice: creating device client; threaded=0
Direct3D:
    Version:  Direct3D 11.0 [level 11.1]
    Renderer: NVIDIA GeForce GT 1030 (ID=0x1d01)
    Vendor:   
    VRAM:     1982 MB
    Driver:   27.21.14.5671
Shader 'Universal Render Pipeline/Particles/Lit': fallback shader 'Universal Render Pipeline/Particles/SimpleLit' not found
Initialize mono
Mono path[0] = 'C:/Program Files/2020.3.11f1/Editor/Data/Managed'
Mono path[1] = 'C:/Program Files/2020.3.11f1/Editor/Data/MonoBleedingEdge/lib/mono/unityjit'
Mono config path = 'C:/Program Files/2020.3.11f1/Editor/Data/MonoBleedingEdge/etc'
Using monoOptions --debugger-agent=transport=dt_socket,embedding=1,server=y,suspend=n,address=127.0.0.1:56768
Begin MonoManager ReloadAssembly
Registering precompiled unity dll's ...
Register platform support module: C:/Program Files/2020.3.11f1/Editor/Data/PlaybackEngines/WindowsStandaloneSupport/UnityEditor.WindowsStandalone.Extensions.dll
Registered in 0.001436 seconds.
Native extension for WindowsStandalone target not found
Refreshing native plugins compatible for Editor in 67.53 ms, found 2 plugins.
Preloading 0 native plugins for Editor in 0.00 ms.
Mono: successfully reloaded assembly
- Completed reload, in  0.879 seconds
Platform modules already initialized, skipping
Registering precompiled user dll's ...
Registered in 0.002818 seconds.
Begin MonoManager ReloadAssembly
Native extension for WindowsStandalone target not found
Refreshing native plugins compatible for Editor in 70.08 ms, found 2 plugins.
Preloading 0 native plugins for Editor in 0.00 ms.
Mono: successfully reloaded assembly
- Completed reload, in  1.692 seconds
Platform modules already initialized, skipping
========================================================================
Worker process is ready to serve import requests
Shader 'Universal Render Pipeline/Particles/Lit': fallback shader 'Universal Render Pipeline/Particles/SimpleLit' not found
Launched and connected shader compiler UnityShaderCompiler.exe after 0.07 seconds
Refreshing native plugins compatible for Editor in 0.92 ms, found 2 plugins.
Preloading 0 native plugins for Editor in 0.00 ms.
Unloading 3418 Unused Serialized files (Serialized files now loaded: 0)
System memory in use before: 154.3 MB.
System memory in use after: 154.5 MB.

Unloading 21 unused Assets to reduce memory usage. Loaded Objects now: 3855.
Total: 2.486900 ms (FindLiveObjects: 0.303900 ms CreateObjectMapping: 0.143500 ms MarkObjects: 1.971100 ms  DeleteObjects: 0.067400 ms)

========================================================================
Received Import Request.
  path: Assets/Escenas/Sala.unity
  artifactKey: Guid(3655b9e6f30b13d4e8ccd86522b59afd) Importer(815301076,1909f56bfc062723c751e8b465ee728b)
Start importing Assets/Escenas/Sala.unity using Guid(3655b9e6f30b13d4e8ccd86522b59afd) Importer(815301076,1909f56bfc062723c751e8b465ee728b)  -> (artifact id: '41efb20a692f63dd72198939677f4612') in 0.020621 seconds
  Import took 0.144527 seconds .

========================================================================
Received Import Request.
  Time since last request: 46.391788 seconds.
  path: Assets/Prefabs/Jugador.prefab
  artifactKey: Guid(3fc03170ae7196f408187550be1c17db) Importer(815301076,1909f56bfc062723c751e8b465ee728b)
Start importing Assets/Prefabs/Jugador.prefab using Guid(3fc03170ae7196f408187550be1c17db) Importer(815301076,1909f56bfc062723c751e8b465ee728b)  -> (artifact id: 'f9965ac3c3e482b085c351ffd27c68bd') in 2.127426 seconds
  Import took 2.188431 seconds .

========================================================================
Received Import Request.
  Time since last request: 20.969539 seconds.
  path: Assets/Escenas/Comedor.unity
  artifactKey: Guid(a2bb4dc365f22464ebb89489b1617a7b) Importer(815301076,1909f56bfc062723c751e8b465ee728b)
Start importing Assets/Escenas/Comedor.unity using Guid(a2bb4dc365f22464ebb89489b1617a7b) Importer(815301076,1909f56bfc062723c751e8b465ee728b)  -> (artifact id: 'c82e6ae569c2170c8b625ca2043bb0bf') in 0.007103 seconds
  Import took 0.069267 seconds .

========================================================================
Received Prepare
Registering precompiled user dll's ...
Registered in 0.032036 seconds.
Begin MonoManager ReloadAssembly
Native extension for WindowsStandalone target not found
Refreshing native plugins compatible for Editor in 0.92 ms, found 2 plugins.
Preloading 0 native plugins for Editor in 0.00 ms.
Mono: successfully reloaded assembly
- Completed reload, in  1.104 seconds
Platform modules already initialized, skipping
Shader 'Universal Render Pipeline/Particles/Lit': fallback shader 'Universal Render Pipeline/Particles/SimpleLit' not found
Refreshing native plugins compatible for Editor in 0.80 ms, found 2 plugins.
Preloading 0 native plugins for Editor in 0.00 ms.
Unloading 3321 Unused Serialized files (Serialized files now loaded: 0)
System memory in use before: 162.1 MB.
System memory in use after: 162.3 MB.

Unloading 16 unused Assets to reduce memory usage. Loaded Objects now: 3866.
Total: 2.603700 ms (FindLiveObjects: 0.326600 ms CreateObjectMapping: 0.123300 ms MarkObjects: 2.132500 ms  DeleteObjects: 0.019000 ms)

========================================================================
Received Import Request.
  Time since last request: 96.661499 seconds.
  path: Assets/Prefabs/Jugador.prefab
  artifactKey: Guid(3fc03170ae7196f408187550be1c17db) Importer(815301076,1909f56bfc062723c751e8b465ee728b)
Start importing Assets/Prefabs/Jugador.prefab using Guid(3fc03170ae7196f408187550be1c17db) Importer(815301076,1909f56bfc062723c751e8b465ee728b)  -> (artifact id: '571e83cb964b71e76a6c7fcfb756c7e6') in 2.003070 seconds
  Import took 2.038220 seconds .

========================================================================
Received Prepare
Shader 'Universal Render Pipeline/Particles/Lit': fallback shader 'Universal Render Pipeline/Particles/SimpleLit' not found
Refreshing native plugins compatible for Editor in 109.41 ms, found 2 plugins.
Preloading 0 native plugins for Editor in 0.00 ms.
Unloading 13 Unused Serialized files (Serialized files now loaded: 0)
System memory in use before: 98.7 MB.
System memory in use after: 99.0 MB.

Unloading 13 unused Assets to reduce memory usage. Loaded Objects now: 3867.
Total: 4.036200 ms (FindLiveObjects: 0.339200 ms CreateObjectMapping: 0.136500 ms MarkObjects: 3.544400 ms  DeleteObjects: 0.015200 ms)

========================================================================
Received Prepare
Registering precompiled user dll's ...
Registered in 0.030663 seconds.
Begin MonoManager ReloadAssembly
Native extension for WindowsStandalone target not found
Refreshing native plugins compatible for Editor in 0.76 ms, found 2 plugins.
Preloading 0 native plugins for Editor in 0.00 ms.
Mono: successfully reloaded assembly
- Completed reload, in  1.147 seconds
Platform modules already initialized, skipping
Shader 'Universal Render Pipeline/Particles/Lit': fallback shader 'Universal Render Pipeline/Particles/SimpleLit' not found
Refreshing native plugins compatible for Editor in 0.89 ms, found 2 plugins.
Preloading 0 native plugins for Editor in 0.00 ms.
Unloading 3321 Unused Serialized files (Serialized files now loaded: 0)
System memory in use before: 162.2 MB.
System memory in use after: 162.4 MB.

Unloading 16 unused Assets to reduce memory usage. Loaded Objects now: 3870.
Total: 3.378500 ms (FindLiveObjects: 0.350100 ms CreateObjectMapping: 0.142000 ms MarkObjects: 2.868300 ms  DeleteObjects: 0.017100 ms)

========================================================================
Received Prepare
Registering precompiled user dll's ...
Registered in 0.002783 seconds.
Begin MonoManager ReloadAssembly
Native extension for WindowsStandalone target not found
Refreshing native plugins compatible for Editor in 0.78 ms, found 2 plugins.
Preloading 0 native plugins for Editor in 0.00 ms.
Mono: successfully reloaded assembly
- Completed reload, in  1.037 seconds
Platform modules already initialized, skipping
Shader 'Universal Render Pipeline/Particles/Lit': fallback shader 'Universal Render Pipeline/Particles/SimpleLit' not found
Refreshing native plugins compatible for Editor in 0.78 ms, found 2 plugins.
Preloading 0 native plugins for Editor in 0.00 ms.
Unloading 3321 Unused Serialized files (Serialized files now loaded: 0)
System memory in use before: 162.2 MB.
System memory in use after: 162.4 MB.

Unloading 16 unused Assets to reduce memory usage. Loaded Objects now: 3873.
Total: 2.517200 ms (FindLiveObjects: 0.295200 ms CreateObjectMapping: 0.136500 ms MarkObjects: 2.069700 ms  DeleteObjects: 0.015100 ms)

========================================================================
Received Prepare
Registering precompiled user dll's ...
Registered in 0.003025 seconds.
Begin MonoManager ReloadAssembly
Native extension for WindowsStandalone target not found
Refreshing native plugins compatible for Editor in 0.76 ms, found 2 plugins.
Preloading 0 native plugins for Editor in 0.00 ms.
Mono: successfully reloaded assembly
- Completed reload, in  1.051 seconds
Platform modules already initialized, skipping
Shader 'Universal Render Pipeline/Particles/Lit': fallback shader 'Universal Render Pipeline/Particles/SimpleLit' not found
Refreshing native plugins compatible for Editor in 0.77 ms, found 2 plugins.
Preloading 0 native plugins for Editor in 0.00 ms.
Unloading 3321 Unused Serialized files (Serialized files now loaded: 0)
System memory in use before: 162.2 MB.
System memory in use after: 162.4 MB.

Unloading 16 unused Assets to reduce memory usage. Loaded Objects now: 3876.
Total: 2.988000 ms (FindLiveObjects: 0.309400 ms CreateObjectMapping: 0.146900 ms MarkObjects: 2.515600 ms  DeleteObjects: 0.015200 ms)

========================================================================
Received Prepare
Registering precompiled user dll's ...
Registered in 0.003018 seconds.
Begin MonoManager ReloadAssembly
Native extension for WindowsStandalone target not found
Refreshing native plugins compatible for Editor in 0.78 ms, found 2 plugins.
Preloading 0 native plugins for Editor in 0.00 ms.
Mono: successfully reloaded assembly
- Completed reload, in  1.042 seconds
Platform modules already initialized, skipping
Shader 'Universal Render Pipeline/Particles/Lit': fallback shader 'Universal Render Pipeline/Particles/SimpleLit' not found
Refreshing native plugins compatible for Editor in 0.78 ms, found 2 plugins.
Preloading 0 native plugins for Editor in 0.00 ms.
Unloading 3321 Unused Serialized files (Serialized files now loaded: 0)
System memory in use before: 162.2 MB.
System memory in use after: 162.4 MB.

Unloading 16 unused Assets to reduce memory usage. Loaded Objects now: 3879.
Total: 2.782000 ms (FindLiveObjects: 0.275900 ms CreateObjectMapping: 0.118400 ms MarkObjects: 2.347000 ms  DeleteObjects: 0.040000 ms)

========================================================================
Received Prepare
Shader 'Universal Render Pipeline/Particles/Lit': fallback shader 'Universal Render Pipeline/Particles/SimpleLit' not found
Refreshing native plugins compatible for Editor in 2.62 ms, found 2 plugins.
Preloading 0 native plugins for Editor in 0.00 ms.
Unloading 13 Unused Serialized files (Serialized files now loaded: 0)
System memory in use before: 96.8 MB.
System memory in use after: 97.1 MB.

Unloading 13 unused Assets to reduce memory usage. Loaded Objects now: 3879.
Total: 2.499000 ms (FindLiveObjects: 0.312600 ms CreateObjectMapping: 0.137100 ms MarkObjects: 2.037400 ms  DeleteObjects: 0.011300 ms)

========================================================================
Received Import Request.
  Time since last request: 1204.190182 seconds.
  path: Assets/Musica
  artifactKey: Guid(db03b0b8d78f45f4d8d2134e3e1fb7cb) Importer(815301076,1909f56bfc062723c751e8b465ee728b)
Start importing Assets/Musica using Guid(db03b0b8d78f45f4d8d2134e3e1fb7cb) Importer(815301076,1909f56bfc062723c751e8b465ee728b)  -> (artifact id: 'b1cc046d5d1984aafc473a9f0bd6bfad') in 0.078266 seconds
  Import took 0.126807 seconds .

========================================================================
Received Import Request.
  Time since last request: 0.000257 seconds.
  path: Assets/Musica/INTRO AND PAUSE.mp3
  artifactKey: Guid(d581c7519e05f2b4aa3a690c39b1a87e) Importer(815301076,1909f56bfc062723c751e8b465ee728b)
Start importing Assets/Musica/INTRO AND PAUSE.mp3 using Guid(d581c7519e05f2b4aa3a690c39b1a87e) Importer(815301076,1909f56bfc062723c751e8b465ee728b)  -> (artifact id: '2fd5d49aa989f93f41d8b4be53113957') in 0.238719 seconds
  Import took 0.272763 seconds .

========================================================================
Received Import Request.
  Time since last request: 0.000256 seconds.
  path: Assets/Musica/Elefanto Scary FINAL.mp3
  artifactKey: Guid(9d494ef264e48174597705af8e89f298) Importer(815301076,1909f56bfc062723c751e8b465ee728b)
Start importing Assets/Musica/Elefanto Scary FINAL.mp3 using Guid(9d494ef264e48174597705af8e89f298) Importer(815301076,1909f56bfc062723c751e8b465ee728b)  -> (artifact id: '1776d4f022d092d05e4954113c0b2112') in 0.072840 seconds
  Import took 0.116908 seconds .

========================================================================
Received Prepare
Registering precompiled user dll's ...
Registered in 0.019995 seconds.
Begin MonoManager ReloadAssembly
Native extension for WindowsStandalone target not found
Refreshing native plugins compatible for Editor in 0.76 ms, found 2 plugins.
Preloading 0 native plugins for Editor in 0.00 ms.
Mono: successfully reloaded assembly
- Completed reload, in  1.074 seconds
Platform modules already initialized, skipping
Shader 'Universal Render Pipeline/Particles/Lit': fallback shader 'Universal Render Pipeline/Particles/SimpleLit' not found
Refreshing native plugins compatible for Editor in 0.77 ms, found 2 plugins.
Preloading 0 native plugins for Editor in 0.00 ms.
Unloading 3321 Unused Serialized files (Serialized files now loaded: 0)
System memory in use before: 162.3 MB.
System memory in use after: 162.5 MB.

Unloading 16 unused Assets to reduce memory usage. Loaded Objects now: 3885.
Total: 3.535900 ms (FindLiveObjects: 0.319300 ms CreateObjectMapping: 0.140200 ms MarkObjects: 3.052100 ms  DeleteObjects: 0.023100 ms)

========================================================================
Received Prepare
Registering precompiled user dll's ...
Registered in 0.003190 seconds.
Begin MonoManager ReloadAssembly
Native extension for WindowsStandalone target not found
Refreshing native plugins compatible for Editor in 1.08 ms, found 2 plugins.
Preloading 0 native plugins for Editor in 0.00 ms.
Mono: successfully reloaded assembly
- Completed reload, in  1.072 seconds
Platform modules already initialized, skipping
Shader 'Universal Render Pipeline/Particles/Lit': fallback shader 'Universal Render Pipeline/Particles/SimpleLit' not found
Refreshing native plugins compatible for Editor in 0.80 ms, found 2 plugins.
Preloading 0 native plugins for Editor in 0.00 ms.
Unloading 3321 Unused Serialized files (Serialized files now loaded: 0)
System memory in use before: 162.3 MB.
System memory in use after: 162.5 MB.

Unloading 16 unused Assets to reduce memory usage. Loaded Objects now: 3888.
Total: 3.009300 ms (FindLiveObjects: 0.446300 ms CreateObjectMapping: 0.206800 ms MarkObjects: 2.341200 ms  DeleteObjects: 0.014300 ms)

========================================================================
Received Prepare
Registering precompiled user dll's ...
Registered in 0.064571 seconds.
Begin MonoManager ReloadAssembly
Native extension for WindowsStandalone target not found
Refreshing native plugins compatible for Editor in 0.76 ms, found 2 plugins.
Preloading 0 native plugins for Editor in 0.00 ms.
Mono: successfully reloaded assembly
- Completed reload, in  1.041 seconds
Platform modules already initialized, skipping
Shader 'Universal Render Pipeline/Particles/Lit': fallback shader 'Universal Render Pipeline/Particles/SimpleLit' not found
Refreshing native plugins compatible for Editor in 0.80 ms, found 2 plugins.
Preloading 0 native plugins for Editor in 0.00 ms.
Unloading 3321 Unused Serialized files (Serialized files now loaded: 0)
System memory in use before: 162.3 MB.
System memory in use after: 162.5 MB.

Unloading 16 unused Assets to reduce memory usage. Loaded Objects now: 3891.
Total: 3.355800 ms (FindLiveObjects: 0.337800 ms CreateObjectMapping: 0.139200 ms MarkObjects: 2.818200 ms  DeleteObjects: 0.059700 ms)

========================================================================
Received Prepare
Shader 'Universal Render Pipeline/Particles/Lit': fallback shader 'Universal Render Pipeline/Particles/SimpleLit' not found
Refreshing native plugins compatible for Editor in 2.52 ms, found 2 plugins.
Preloading 0 native plugins for Editor in 0.00 ms.
Unloading 13 Unused Serialized files (Serialized files now loaded: 0)
System memory in use before: 96.9 MB.
System memory in use after: 97.1 MB.

Unloading 13 unused Assets to reduce memory usage. Loaded Objects now: 3891.
Total: 2.860900 ms (FindLiveObjects: 0.318000 ms CreateObjectMapping: 0.146800 ms MarkObjects: 2.382900 ms  DeleteObjects: 0.012400 ms)

========================================================================
Received Prepare
Registering precompiled user dll's ...
Registered in 0.056698 seconds.
Begin MonoManager ReloadAssembly
Native extension for WindowsStandalone target not found
Refreshing native plugins compatible for Editor in 0.78 ms, found 2 plugins.
Preloading 0 native plugins for Editor in 0.00 ms.
Mono: successfully reloaded assembly
- Completed reload, in  1.069 seconds
Platform modules already initialized, skipping
Shader 'Universal Render Pipeline/Particles/Lit': fallback shader 'Universal Render Pipeline/Particles/SimpleLit' not found
Refreshing native plugins compatible for Editor in 1.49 ms, found 2 plugins.
Preloading 0 native plugins for Editor in 0.00 ms.
Unloading 3321 Unused Serialized files (Serialized files now loaded: 0)
System memory in use before: 162.3 MB.
System memory in use after: 162.5 MB.

Unloading 16 unused Assets to reduce memory usage. Loaded Objects now: 3894.
Total: 4.203200 ms (FindLiveObjects: 0.641200 ms CreateObjectMapping: 0.227600 ms MarkObjects: 3.310500 ms  DeleteObjects: 0.022700 ms)

========================================================================
Received Import Request.
  Time since last request: 1467.784206 seconds.
  path: Assets/Escenas/Sala.unity
  artifactKey: Guid(3655b9e6f30b13d4e8ccd86522b59afd) Importer(815301076,1909f56bfc062723c751e8b465ee728b)
Start importing Assets/Escenas/Sala.unity using Guid(3655b9e6f30b13d4e8ccd86522b59afd) Importer(815301076,1909f56bfc062723c751e8b465ee728b)  -> (artifact id: '652962f7ed74948830ccb324200cc41a') in 0.137002 seconds
  Import took 0.566920 seconds .

========================================================================
Received Prepare
Registering precompiled user dll's ...
Registered in 0.002798 seconds.
Begin MonoManager ReloadAssembly
Native extension for WindowsStandalone target not found
Refreshing native plugins compatible for Editor in 0.78 ms, found 2 plugins.
Preloading 0 native plugins for Editor in 0.00 ms.
Mono: successfully reloaded assembly
- Completed reload, in  1.083 seconds
Platform modules already initialized, skipping
Shader 'Universal Render Pipeline/Particles/Lit': fallback shader 'Universal Render Pipeline/Particles/SimpleLit' not found
Refreshing native plugins compatible for Editor in 0.79 ms, found 2 plugins.
Preloading 0 native plugins for Editor in 0.00 ms.
Unloading 3321 Unused Serialized files (Serialized files now loaded: 0)
System memory in use before: 162.3 MB.
System memory in use after: 162.5 MB.

Unloading 16 unused Assets to reduce memory usage. Loaded Objects now: 3897.
Total: 3.058000 ms (FindLiveObjects: 0.354400 ms CreateObjectMapping: 0.181600 ms MarkObjects: 2.504400 ms  DeleteObjects: 0.016600 ms)

========================================================================
Received Prepare
Shader 'Universal Render Pipeline/Particles/Lit': fallback shader 'Universal Render Pipeline/Particles/SimpleLit' not found
Refreshing native plugins compatible for Editor in 2.57 ms, found 2 plugins.
Preloading 0 native plugins for Editor in 0.00 ms.
Unloading 13 Unused Serialized files (Serialized files now loaded: 0)
System memory in use before: 96.9 MB.
System memory in use after: 97.1 MB.

Unloading 13 unused Assets to reduce memory usage. Loaded Objects now: 3897.
Total: 2.792500 ms (FindLiveObjects: 0.362700 ms CreateObjectMapping: 0.168800 ms MarkObjects: 2.248000 ms  DeleteObjects: 0.012200 ms)

