Using pre-set license
Built from '2020.3/staging' branch; Version is '2020.3.11f1 (99c7afb366b3) revision 10078127'; Using compiler version '192528614'; Build Type 'Release'
OS: 'Windows 10 Pro; OS build 19043.1288; Version 2009; 64bit' Language: 'es' Physical Memory: 8061 MB
BatchMode: 1, IsHumanControllingUs: 0, StartBugReporterOnCrash: 0, Is64bit: 1, IsPro: 0

 COMMAND LINE ARGUMENTS:
C:\Program Files\2020.3.11f1\Editor\Unity.exe
-adb2
-batchMode
-noUpm
-name
AssetImportWorker2
-projectPath
D:/tuto/universidad/Tesis/Katharsis/Katharsis/Katharsis
-logFile
Logs/AssetImportWorker2.log
-srvPort
50926
Successfully changed project path to: D:/tuto/universidad/Tesis/Katharsis/Katharsis/Katharsis
D:/tuto/universidad/Tesis/Katharsis/Katharsis/Katharsis
Using Asset Import Pipeline V2.
Refreshing native plugins compatible for Editor in 68.15 ms, found 2 plugins.
Preloading 0 native plugins for Editor in 0.00 ms.
Initialize engine version: 2020.3.11f1 (99c7afb366b3)
[Subsystems] Discovering subsystems at path C:/Program Files/2020.3.11f1/Editor/Data/Resources/UnitySubsystems
[Subsystems] Discovering subsystems at path D:/tuto/universidad/Tesis/Katharsis/Katharsis/Katharsis/Assets
GfxDevice: creating device client; threaded=0
Direct3D:
    Version:  Direct3D 11.0 [level 11.1]
    Renderer: NVIDIA GeForce GT 1030 (ID=0x1d01)
    Vendor:   
    VRAM:     1982 MB
    Driver:   27.21.14.5671
Shader 'Universal Render Pipeline/Particles/Lit': fallback shader 'Universal Render Pipeline/Particles/SimpleLit' not found
Initialize mono
Mono path[0] = 'C:/Program Files/2020.3.11f1/Editor/Data/Managed'
Mono path[1] = 'C:/Program Files/2020.3.11f1/Editor/Data/MonoBleedingEdge/lib/mono/unityjit'
Mono config path = 'C:/Program Files/2020.3.11f1/Editor/Data/MonoBleedingEdge/etc'
Using monoOptions --debugger-agent=transport=dt_socket,embedding=1,server=y,suspend=n,address=127.0.0.1:56864
Begin MonoManager ReloadAssembly
Registering precompiled unity dll's ...
Register platform support module: C:/Program Files/2020.3.11f1/Editor/Data/PlaybackEngines/WindowsStandaloneSupport/UnityEditor.WindowsStandalone.Extensions.dll
Registered in 0.001563 seconds.
Native extension for WindowsStandalone target not found
Refreshing native plugins compatible for Editor in 69.66 ms, found 2 plugins.
Preloading 0 native plugins for Editor in 0.00 ms.
Mono: successfully reloaded assembly
- Completed reload, in  0.914 seconds
Platform modules already initialized, skipping
Registering precompiled user dll's ...
Registered in 0.002884 seconds.
Begin MonoManager ReloadAssembly
Native extension for WindowsStandalone target not found
Refreshing native plugins compatible for Editor in 72.59 ms, found 2 plugins.
Preloading 0 native plugins for Editor in 0.00 ms.
Mono: successfully reloaded assembly
- Completed reload, in  5.748 seconds
Platform modules already initialized, skipping
========================================================================
Worker process is ready to serve import requests
Shader 'Universal Render Pipeline/Particles/Lit': fallback shader 'Universal Render Pipeline/Particles/SimpleLit' not found
Launched and connected shader compiler UnityShaderCompiler.exe after 0.11 seconds
Refreshing native plugins compatible for Editor in 0.75 ms, found 2 plugins.
Preloading 0 native plugins for Editor in 0.00 ms.
Unloading 3419 Unused Serialized files (Serialized files now loaded: 0)
System memory in use before: 155.5 MB.
System memory in use after: 155.7 MB.

Unloading 21 unused Assets to reduce memory usage. Loaded Objects now: 3856.
Total: 3.186700 ms (FindLiveObjects: 0.335400 ms CreateObjectMapping: 0.130000 ms MarkObjects: 2.645900 ms  DeleteObjects: 0.074400 ms)

========================================================================
Received Import Request.
  path: Assets/Escenas/Sala.unity
  artifactKey: Guid(3655b9e6f30b13d4e8ccd86522b59afd) Importer(815301076,1909f56bfc062723c751e8b465ee728b)
Start importing Assets/Escenas/Sala.unity using Guid(3655b9e6f30b13d4e8ccd86522b59afd) Importer(815301076,1909f56bfc062723c751e8b465ee728b)  -> (artifact id: '519cefe9e735f9713a577f52c0493adf') in 0.044037 seconds
  Import took 0.210152 seconds .

========================================================================
Received Prepare
Registering precompiled user dll's ...
Registered in 0.166658 seconds.
Begin MonoManager ReloadAssembly
Native extension for WindowsStandalone target not found
Refreshing native plugins compatible for Editor in 0.77 ms, found 2 plugins.
Preloading 0 native plugins for Editor in 0.00 ms.
Mono: successfully reloaded assembly
- Completed reload, in  1.063 seconds
Platform modules already initialized, skipping
Shader 'Universal Render Pipeline/Particles/Lit': fallback shader 'Universal Render Pipeline/Particles/SimpleLit' not found
Refreshing native plugins compatible for Editor in 0.83 ms, found 2 plugins.
Preloading 0 native plugins for Editor in 0.00 ms.
Unloading 3322 Unused Serialized files (Serialized files now loaded: 0)
System memory in use before: 146.5 MB.
System memory in use after: 146.7 MB.

Unloading 16 unused Assets to reduce memory usage. Loaded Objects now: 3859.
Total: 2.728500 ms (FindLiveObjects: 0.288800 ms CreateObjectMapping: 0.127300 ms MarkObjects: 2.261400 ms  DeleteObjects: 0.050500 ms)

========================================================================
Received Import Request.
  Time since last request: 602.445328 seconds.
  path: Assets/DebugStuff.cs
  artifactKey: Guid(4ac19a0ddb2239b48bbde25aea9a943d) Importer(815301076,1909f56bfc062723c751e8b465ee728b)
Start importing Assets/DebugStuff.cs using Guid(4ac19a0ddb2239b48bbde25aea9a943d) Importer(815301076,1909f56bfc062723c751e8b465ee728b)  -> (artifact id: '0311924c9e820d588bb4f6b7f7cd343d') in 0.037452 seconds
  Import took 1.850729 seconds .

========================================================================
Received Import Request.
  Time since last request: 0.000230 seconds.
  path: Assets/panelObjetivo.cs
  artifactKey: Guid(21048444065de654e99eacd4e5ddafc9) Importer(815301076,1909f56bfc062723c751e8b465ee728b)
Start importing Assets/panelObjetivo.cs using Guid(21048444065de654e99eacd4e5ddafc9) Importer(815301076,1909f56bfc062723c751e8b465ee728b)  -> (artifact id: '489823379bdd8702643dcac4022bbf14') in 0.007336 seconds
  Import took 0.046469 seconds .

========================================================================
Received Import Request.
  Time since last request: 6.725125 seconds.
  path: Assets/Scripts/Music
  artifactKey: Guid(0959e8386a919884fa48280e0765bb38) Importer(815301076,1909f56bfc062723c751e8b465ee728b)
Start importing Assets/Scripts/Music using Guid(0959e8386a919884fa48280e0765bb38) Importer(815301076,1909f56bfc062723c751e8b465ee728b)  -> (artifact id: 'e658d80c94dcd37e5a2f93124fbf7e9a') in 0.042091 seconds
  Import took 0.130519 seconds .

========================================================================
Received Import Request.
  Time since last request: 9.366776 seconds.
  path: Assets/Escenas/Comedor.unity
  artifactKey: Guid(a2bb4dc365f22464ebb89489b1617a7b) Importer(815301076,1909f56bfc062723c751e8b465ee728b)
Start importing Assets/Escenas/Comedor.unity using Guid(a2bb4dc365f22464ebb89489b1617a7b) Importer(815301076,1909f56bfc062723c751e8b465ee728b)  -> (artifact id: '947f0c317a2c306cb478a9deb099ac3e') in 0.069961 seconds
  Import took 0.110877 seconds .

========================================================================
Received Import Request.
  Time since last request: 216.659937 seconds.
  path: Assets/Escenas/Cocina.unity
  artifactKey: Guid(9fc0d4010bbf28b4594072e72b8655ab) Importer(815301076,1909f56bfc062723c751e8b465ee728b)
Start importing Assets/Escenas/Cocina.unity using Guid(9fc0d4010bbf28b4594072e72b8655ab) Importer(815301076,1909f56bfc062723c751e8b465ee728b)  -> (artifact id: '7af5e59776513d50cb57b5798e38dcb1') in 0.008305 seconds
  Import took 1.667053 seconds .

AssetImportWorkerClient::OnTransportError - code=2 error=End of file
