Using pre-set license
Built from '2020.3/staging' branch; Version is '2020.3.11f1 (99c7afb366b3) revision 10078127'; Using compiler version '192528614'; Build Type 'Release'
OS: 'Windows 10 Home Single Language; OS build 19042.1165; Version 2009; 64bit' Language: 'fr' Physical Memory: 8000 MB
BatchMode: 1, IsHumanControllingUs: 0, StartBugReporterOnCrash: 0, Is64bit: 1, IsPro: 0

 COMMAND LINE ARGUMENTS:
C:\Program Files\Unity\Hub\Editor\2020.3.11f1\Editor\Unity.exe
-adb2
-batchMode
-noUpm
-name
AssetImportWorker1
-projectPath
C:/Users/pbr98/Desktop/Tesis/Game/Katharsis/Katharsis
-logFile
Logs/AssetImportWorker1.log
-srvPort
55246
Successfully changed project path to: C:/Users/pbr98/Desktop/Tesis/Game/Katharsis/Katharsis
C:/Users/pbr98/Desktop/Tesis/Game/Katharsis/Katharsis
Using Asset Import Pipeline V2.
Refreshing native plugins compatible for Editor in 229.26 ms, found 2 plugins.
Preloading 0 native plugins for Editor in 0.00 ms.
Initialize engine version: 2020.3.11f1 (99c7afb366b3)
[Subsystems] Discovering subsystems at path C:/Program Files/Unity/Hub/Editor/2020.3.11f1/Editor/Data/Resources/UnitySubsystems
[Subsystems] Discovering subsystems at path C:/Users/pbr98/Desktop/Tesis/Game/Katharsis/Katharsis/Assets
GfxDevice: creating device client; threaded=0
Direct3D:
    Version:  Direct3D 11.0 [level 11.1]
    Renderer: NVIDIA GeForce GTX 1650 (ID=0x1f91)
    Vendor:   
    VRAM:     3962 MB
    Driver:   27.21.14.5763
Shader 'Universal Render Pipeline/Particles/Lit': fallback shader 'Universal Render Pipeline/Particles/SimpleLit' not found
Initialize mono
Mono path[0] = 'C:/Program Files/Unity/Hub/Editor/2020.3.11f1/Editor/Data/Managed'
Mono path[1] = 'C:/Program Files/Unity/Hub/Editor/2020.3.11f1/Editor/Data/MonoBleedingEdge/lib/mono/unityjit'
Mono config path = 'C:/Program Files/Unity/Hub/Editor/2020.3.11f1/Editor/Data/MonoBleedingEdge/etc'
Using monoOptions --debugger-agent=transport=dt_socket,embedding=1,server=y,suspend=n,address=127.0.0.1:56472
Begin MonoManager ReloadAssembly
Registering precompiled unity dll's ...
Register platform support module: C:/Program Files/Unity/Hub/Editor/2020.3.11f1/Editor/Data/PlaybackEngines/WindowsStandaloneSupport/UnityEditor.WindowsStandalone.Extensions.dll
Registered in 0.014325 seconds.
Native extension for WindowsStandalone target not found
Refreshing native plugins compatible for Editor in 243.46 ms, found 2 plugins.
Preloading 0 native plugins for Editor in 0.00 ms.
Mono: successfully reloaded assembly
- Completed reload, in  5.624 seconds
Platform modules already initialized, skipping
Registering precompiled user dll's ...
Registered in 0.040547 seconds.
Begin MonoManager ReloadAssembly
Native extension for WindowsStandalone target not found
Refreshing native plugins compatible for Editor in 249.26 ms, found 2 plugins.
Preloading 0 native plugins for Editor in 0.00 ms.
Mono: successfully reloaded assembly
- Completed reload, in  5.264 seconds
Platform modules already initialized, skipping
========================================================================
Worker process is ready to serve import requests
Shader 'Universal Render Pipeline/Particles/Lit': fallback shader 'Universal Render Pipeline/Particles/SimpleLit' not found
Launched and connected shader compiler UnityShaderCompiler.exe after 0.37 seconds
Refreshing native plugins compatible for Editor in 2.62 ms, found 2 plugins.
Preloading 0 native plugins for Editor in 0.00 ms.
Unloading 3168 Unused Serialized files (Serialized files now loaded: 0)
System memory in use before: 142.4 MB.
System memory in use after: 142.6 MB.

Unloading 20 unused Assets to reduce memory usage. Loaded Objects now: 3606.
Total: 4.991900 ms (FindLiveObjects: 0.431400 ms CreateObjectMapping: 0.134800 ms MarkObjects: 4.276400 ms  DeleteObjects: 0.147000 ms)

========================================================================
Received Import Request.
  path: Assets/Scenes/Comedor.unity
  artifactKey: Guid(a2bb4dc365f22464ebb89489b1617a7b) Importer(815301076,1909f56bfc062723c751e8b465ee728b)
Start importing Assets/Scenes/Comedor.unity using Guid(a2bb4dc365f22464ebb89489b1617a7b) Importer(815301076,1909f56bfc062723c751e8b465ee728b)  -> (artifact id: '4e90c9f7a8eea9e50501932018e3a935') in 0.038409 seconds
  Import took 0.051066 seconds .

========================================================================
Received Prepare
Registering precompiled user dll's ...
Registered in 0.027056 seconds.
Begin MonoManager ReloadAssembly
Native extension for WindowsStandalone target not found
Refreshing native plugins compatible for Editor in 1.51 ms, found 2 plugins.
Preloading 0 native plugins for Editor in 0.00 ms.
Mono: successfully reloaded assembly
- Completed reload, in  4.776 seconds
Platform modules already initialized, skipping
Shader 'Universal Render Pipeline/Particles/Lit': fallback shader 'Universal Render Pipeline/Particles/SimpleLit' not found
Refreshing native plugins compatible for Editor in 3.07 ms, found 2 plugins.
Preloading 0 native plugins for Editor in 0.00 ms.
Unloading 3073 Unused Serialized files (Serialized files now loaded: 0)
System memory in use before: 133.6 MB.
System memory in use after: 133.9 MB.

Unloading 15 unused Assets to reduce memory usage. Loaded Objects now: 3609.
Total: 20.823300 ms (FindLiveObjects: 0.633200 ms CreateObjectMapping: 0.352100 ms MarkObjects: 19.719400 ms  DeleteObjects: 0.114000 ms)

========================================================================
Received Prepare
Registering precompiled user dll's ...
Registered in 0.041379 seconds.
Begin MonoManager ReloadAssembly
Native extension for WindowsStandalone target not found
Refreshing native plugins compatible for Editor in 1.50 ms, found 2 plugins.
Preloading 0 native plugins for Editor in 0.00 ms.
Mono: successfully reloaded assembly
- Completed reload, in  4.395 seconds
Platform modules already initialized, skipping
Shader 'Universal Render Pipeline/Particles/Lit': fallback shader 'Universal Render Pipeline/Particles/SimpleLit' not found
Refreshing native plugins compatible for Editor in 1.59 ms, found 2 plugins.
Preloading 0 native plugins for Editor in 0.00 ms.
Unloading 3073 Unused Serialized files (Serialized files now loaded: 0)
System memory in use before: 133.7 MB.
System memory in use after: 133.9 MB.

Unloading 15 unused Assets to reduce memory usage. Loaded Objects now: 3612.
Total: 9.355600 ms (FindLiveObjects: 0.849300 ms CreateObjectMapping: 0.860600 ms MarkObjects: 7.568700 ms  DeleteObjects: 0.073000 ms)

========================================================================
Received Prepare
Registering precompiled user dll's ...
Registered in 0.036329 seconds.
Begin MonoManager ReloadAssembly
Native extension for WindowsStandalone target not found
Refreshing native plugins compatible for Editor in 0.92 ms, found 2 plugins.
Preloading 0 native plugins for Editor in 0.00 ms.
Mono: successfully reloaded assembly
- Completed reload, in  3.890 seconds
Platform modules already initialized, skipping
Shader 'Universal Render Pipeline/Particles/Lit': fallback shader 'Universal Render Pipeline/Particles/SimpleLit' not found
Refreshing native plugins compatible for Editor in 2.21 ms, found 2 plugins.
Preloading 0 native plugins for Editor in 0.00 ms.
Unloading 3073 Unused Serialized files (Serialized files now loaded: 0)
System memory in use before: 133.7 MB.
System memory in use after: 133.9 MB.

Unloading 15 unused Assets to reduce memory usage. Loaded Objects now: 3615.
Total: 12.605500 ms (FindLiveObjects: 3.211200 ms CreateObjectMapping: 0.588500 ms MarkObjects: 8.720900 ms  DeleteObjects: 0.079000 ms)

========================================================================
Received Prepare
Registering precompiled user dll's ...
Registered in 0.034586 seconds.
Begin MonoManager ReloadAssembly
Native extension for WindowsStandalone target not found
Refreshing native plugins compatible for Editor in 2.49 ms, found 2 plugins.
Preloading 0 native plugins for Editor in 0.00 ms.
Mono: successfully reloaded assembly
- Completed reload, in  3.854 seconds
Platform modules already initialized, skipping
Shader 'Universal Render Pipeline/Particles/Lit': fallback shader 'Universal Render Pipeline/Particles/SimpleLit' not found
Refreshing native plugins compatible for Editor in 4.51 ms, found 2 plugins.
Preloading 0 native plugins for Editor in 0.00 ms.
Unloading 3073 Unused Serialized files (Serialized files now loaded: 0)
System memory in use before: 133.7 MB.
System memory in use after: 133.9 MB.

Unloading 15 unused Assets to reduce memory usage. Loaded Objects now: 3618.
Total: 8.115600 ms (FindLiveObjects: 0.709600 ms CreateObjectMapping: 0.331500 ms MarkObjects: 6.955800 ms  DeleteObjects: 0.113600 ms)

========================================================================
Received Import Request.
  Time since last request: 384.080150 seconds.
  path: Assets/Scenes/Sala.unity
  artifactKey: Guid(3655b9e6f30b13d4e8ccd86522b59afd) Importer(815301076,1909f56bfc062723c751e8b465ee728b)
Start importing Assets/Scenes/Sala.unity using Guid(3655b9e6f30b13d4e8ccd86522b59afd) Importer(815301076,1909f56bfc062723c751e8b465ee728b)  -> (artifact id: '26462e761937544189d319bdd4557240') in 0.072865 seconds
  Import took 0.089943 seconds .

========================================================================
Received Import Request.
  Time since last request: 30.247029 seconds.
  path: Assets/Scenes/Cocina.unity
  artifactKey: Guid(9fc0d4010bbf28b4594072e72b8655ab) Importer(815301076,1909f56bfc062723c751e8b465ee728b)
Start importing Assets/Scenes/Cocina.unity using Guid(9fc0d4010bbf28b4594072e72b8655ab) Importer(815301076,1909f56bfc062723c751e8b465ee728b)  -> (artifact id: '6ad2f61452878da995aaf10b5f45be3c') in 0.020035 seconds
  Import took 0.050482 seconds .

========================================================================
Received Prepare
Registering precompiled user dll's ...
Registered in 0.036496 seconds.
Begin MonoManager ReloadAssembly
Native extension for WindowsStandalone target not found
Refreshing native plugins compatible for Editor in 2.39 ms, found 2 plugins.
Preloading 0 native plugins for Editor in 0.00 ms.
Mono: successfully reloaded assembly
- Completed reload, in  4.265 seconds
Platform modules already initialized, skipping
Shader 'Universal Render Pipeline/Particles/Lit': fallback shader 'Universal Render Pipeline/Particles/SimpleLit' not found
Refreshing native plugins compatible for Editor in 1.92 ms, found 2 plugins.
Preloading 0 native plugins for Editor in 0.00 ms.
Unloading 3073 Unused Serialized files (Serialized files now loaded: 0)
System memory in use before: 133.7 MB.
System memory in use after: 134.0 MB.

Unloading 15 unused Assets to reduce memory usage. Loaded Objects now: 3621.
Total: 13.893200 ms (FindLiveObjects: 1.866100 ms CreateObjectMapping: 0.731800 ms MarkObjects: 11.203100 ms  DeleteObjects: 0.086000 ms)

========================================================================
Received Prepare
Registering precompiled user dll's ...
Registered in 0.051772 seconds.
Begin MonoManager ReloadAssembly
Native extension for WindowsStandalone target not found
Refreshing native plugins compatible for Editor in 1.55 ms, found 2 plugins.
Preloading 0 native plugins for Editor in 0.00 ms.
Mono: successfully reloaded assembly
- Completed reload, in  4.957 seconds
Platform modules already initialized, skipping
Shader 'Universal Render Pipeline/Particles/Lit': fallback shader 'Universal Render Pipeline/Particles/SimpleLit' not found
Refreshing native plugins compatible for Editor in 1.53 ms, found 2 plugins.
Preloading 0 native plugins for Editor in 0.00 ms.
Unloading 3073 Unused Serialized files (Serialized files now loaded: 0)
System memory in use before: 133.8 MB.
System memory in use after: 134.0 MB.

Unloading 15 unused Assets to reduce memory usage. Loaded Objects now: 3624.
Total: 11.406400 ms (FindLiveObjects: 0.889100 ms CreateObjectMapping: 0.331200 ms MarkObjects: 10.077000 ms  DeleteObjects: 0.105000 ms)

========================================================================
Received Prepare
Registering precompiled user dll's ...
Registered in 0.030115 seconds.
Begin MonoManager ReloadAssembly
Native extension for WindowsStandalone target not found
Refreshing native plugins compatible for Editor in 3.53 ms, found 2 plugins.
Preloading 0 native plugins for Editor in 0.00 ms.
Mono: successfully reloaded assembly
- Completed reload, in  4.145 seconds
Platform modules already initialized, skipping
Shader 'Universal Render Pipeline/Particles/Lit': fallback shader 'Universal Render Pipeline/Particles/SimpleLit' not found
Refreshing native plugins compatible for Editor in 1.82 ms, found 2 plugins.
Preloading 0 native plugins for Editor in 0.00 ms.
Unloading 3073 Unused Serialized files (Serialized files now loaded: 0)
System memory in use before: 133.8 MB.
System memory in use after: 134.0 MB.

Unloading 15 unused Assets to reduce memory usage. Loaded Objects now: 3627.
Total: 11.230000 ms (FindLiveObjects: 1.433700 ms CreateObjectMapping: 0.647600 ms MarkObjects: 9.076400 ms  DeleteObjects: 0.067600 ms)

========================================================================
Received Import Request.
  Time since last request: 1088.202510 seconds.
  path: Assets/Prefabs/Triggers/CheckpointStart Variant.prefab
  artifactKey: Guid(d3765f319e8916c43a0b715a04aa15a9) Importer(815301076,1909f56bfc062723c751e8b465ee728b)
Start importing Assets/Prefabs/Triggers/CheckpointStart Variant.prefab using Guid(d3765f319e8916c43a0b715a04aa15a9) Importer(815301076,1909f56bfc062723c751e8b465ee728b)  -> (artifact id: 'd210d342cbbc7e8f88f59ae44f7f284a') in 0.472610 seconds
  Import took 0.492797 seconds .

========================================================================
Received Import Request.
  Time since last request: 24.429462 seconds.
  path: Assets/Prefabs/Triggers/CheckpointStart Variant.prefab
  artifactKey: Guid(d3765f319e8916c43a0b715a04aa15a9) Importer(815301076,1909f56bfc062723c751e8b465ee728b)
Start importing Assets/Prefabs/Triggers/CheckpointStart Variant.prefab using Guid(d3765f319e8916c43a0b715a04aa15a9) Importer(815301076,1909f56bfc062723c751e8b465ee728b)  -> (artifact id: 'd4439c7665e07f9b21e0ca2b95b864ae') in 0.053975 seconds
  Import took 0.087798 seconds .

========================================================================
Received Prepare
Registering precompiled user dll's ...
Registered in 0.037078 seconds.
Begin MonoManager ReloadAssembly
Native extension for WindowsStandalone target not found
Refreshing native plugins compatible for Editor in 1.59 ms, found 2 plugins.
Preloading 0 native plugins for Editor in 0.00 ms.
Mono: successfully reloaded assembly
- Completed reload, in  4.303 seconds
Platform modules already initialized, skipping
Shader 'Universal Render Pipeline/Particles/Lit': fallback shader 'Universal Render Pipeline/Particles/SimpleLit' not found
Refreshing native plugins compatible for Editor in 1.57 ms, found 2 plugins.
Preloading 0 native plugins for Editor in 0.00 ms.
Unloading 3073 Unused Serialized files (Serialized files now loaded: 0)
System memory in use before: 136.8 MB.
System memory in use after: 137.0 MB.

Unloading 15 unused Assets to reduce memory usage. Loaded Objects now: 3638.
Total: 6.568200 ms (FindLiveObjects: 0.742300 ms CreateObjectMapping: 0.332200 ms MarkObjects: 5.428100 ms  DeleteObjects: 0.062500 ms)

========================================================================
Received Import Request.
  Time since last request: 810.611596 seconds.
  path: Assets/Scenes/Pantalla Principal.unity
  artifactKey: Guid(74f1cb3c99412124c975f1539fffb02f) Importer(815301076,1909f56bfc062723c751e8b465ee728b)
Start importing Assets/Scenes/Pantalla Principal.unity using Guid(74f1cb3c99412124c975f1539fffb02f) Importer(815301076,1909f56bfc062723c751e8b465ee728b)  -> (artifact id: '2d69a8327c875b26694569f47696e230') in 0.110111 seconds
  Import took 0.125106 seconds .

========================================================================
Received Prepare
Registering precompiled user dll's ...
Registered in 0.032437 seconds.
Begin MonoManager ReloadAssembly
Native extension for WindowsStandalone target not found
Refreshing native plugins compatible for Editor in 2.19 ms, found 2 plugins.
Preloading 0 native plugins for Editor in 0.00 ms.
Mono: successfully reloaded assembly
- Completed reload, in  4.100 seconds
Platform modules already initialized, skipping
Shader 'Universal Render Pipeline/Particles/Lit': fallback shader 'Universal Render Pipeline/Particles/SimpleLit' not found
Refreshing native plugins compatible for Editor in 1.69 ms, found 2 plugins.
Preloading 0 native plugins for Editor in 0.00 ms.
Unloading 3073 Unused Serialized files (Serialized files now loaded: 0)
System memory in use before: 136.8 MB.
System memory in use after: 137.0 MB.

Unloading 15 unused Assets to reduce memory usage. Loaded Objects now: 3641.
Total: 15.158600 ms (FindLiveObjects: 0.666600 ms CreateObjectMapping: 0.332800 ms MarkObjects: 14.062700 ms  DeleteObjects: 0.092000 ms)

========================================================================
Received Prepare
Registering precompiled user dll's ...
Registered in 0.023437 seconds.
Begin MonoManager ReloadAssembly
Native extension for WindowsStandalone target not found
Refreshing native plugins compatible for Editor in 1.39 ms, found 2 plugins.
Preloading 0 native plugins for Editor in 0.00 ms.
Mono: successfully reloaded assembly
- Completed reload, in  3.647 seconds
Platform modules already initialized, skipping
Shader 'Universal Render Pipeline/Particles/Lit': fallback shader 'Universal Render Pipeline/Particles/SimpleLit' not found
Refreshing native plugins compatible for Editor in 2.35 ms, found 2 plugins.
Preloading 0 native plugins for Editor in 0.00 ms.
Unloading 3073 Unused Serialized files (Serialized files now loaded: 0)
System memory in use before: 136.8 MB.
System memory in use after: 137.0 MB.

Unloading 15 unused Assets to reduce memory usage. Loaded Objects now: 3644.
Total: 8.327600 ms (FindLiveObjects: 2.283400 ms CreateObjectMapping: 0.707600 ms MarkObjects: 5.285300 ms  DeleteObjects: 0.046800 ms)

========================================================================
Received Import Request.
  Time since last request: 103.277752 seconds.
  path: Assets/Prefabs/Jugador.prefab
  artifactKey: Guid(3fc03170ae7196f408187550be1c17db) Importer(815301076,1909f56bfc062723c751e8b465ee728b)
Start importing Assets/Prefabs/Jugador.prefab using Guid(3fc03170ae7196f408187550be1c17db) Importer(815301076,1909f56bfc062723c751e8b465ee728b)  -> (artifact id: 'dd8f69dd82253f50c88a8b9ff3d84849') in 1.132221 seconds
  Import took 1.159503 seconds .

========================================================================
Received Import Request.
  Time since last request: 4.572075 seconds.
  path: Assets/Prefabs/Triggers/CheckpointStart Variant.prefab
  artifactKey: Guid(d3765f319e8916c43a0b715a04aa15a9) Importer(815301076,1909f56bfc062723c751e8b465ee728b)
Start importing Assets/Prefabs/Triggers/CheckpointStart Variant.prefab using Guid(d3765f319e8916c43a0b715a04aa15a9) Importer(815301076,1909f56bfc062723c751e8b465ee728b)  -> (artifact id: '45bf95373369aa2522bbeeb52a63a9c3') in 0.084582 seconds
  Import took 0.111171 seconds .

========================================================================
Received Import Request.
  Time since last request: 0.003621 seconds.
  path: Assets/Prefabs/Triggers/CheckpointStart Variant.prefab
  artifactKey: Guid(d3765f319e8916c43a0b715a04aa15a9) Importer(815301076,1909f56bfc062723c751e8b465ee728b)
Start importing Assets/Prefabs/Triggers/CheckpointStart Variant.prefab using Guid(d3765f319e8916c43a0b715a04aa15a9) Importer(815301076,1909f56bfc062723c751e8b465ee728b)  -> (artifact id: '45bf95373369aa2522bbeeb52a63a9c3') in 0.049254 seconds
  Import took 0.062889 seconds .

========================================================================
Received Prepare
Registering precompiled user dll's ...
Registered in 0.031945 seconds.
Begin MonoManager ReloadAssembly
Native extension for WindowsStandalone target not found
Refreshing native plugins compatible for Editor in 1.56 ms, found 2 plugins.
Preloading 0 native plugins for Editor in 0.00 ms.
Mono: successfully reloaded assembly
- Completed reload, in  4.072 seconds
Platform modules already initialized, skipping
Shader 'Universal Render Pipeline/Particles/Lit': fallback shader 'Universal Render Pipeline/Particles/SimpleLit' not found
Refreshing native plugins compatible for Editor in 1.58 ms, found 2 plugins.
Preloading 0 native plugins for Editor in 0.00 ms.
Unloading 3073 Unused Serialized files (Serialized files now loaded: 0)
System memory in use before: 150.5 MB.
System memory in use after: 150.7 MB.

Unloading 15 unused Assets to reduce memory usage. Loaded Objects now: 3649.
Total: 7.935500 ms (FindLiveObjects: 0.767100 ms CreateObjectMapping: 0.279000 ms MarkObjects: 6.829200 ms  DeleteObjects: 0.056400 ms)

========================================================================
Received Import Request.
  Time since last request: 40.854487 seconds.
  path: Assets/Prefabs/Triggers/CheckpointStart Variant.prefab
  artifactKey: Guid(d3765f319e8916c43a0b715a04aa15a9) Importer(815301076,1909f56bfc062723c751e8b465ee728b)
Start importing Assets/Prefabs/Triggers/CheckpointStart Variant.prefab using Guid(d3765f319e8916c43a0b715a04aa15a9) Importer(815301076,1909f56bfc062723c751e8b465ee728b)  -> (artifact id: '2920cf5ff3114769b41b03060cd1203b') in 0.204400 seconds
  Import took 0.218452 seconds .

========================================================================
Received Import Request.
  Time since last request: 0.013295 seconds.
  path: Assets/Prefabs/Triggers/CheckpointStart Variant.prefab
  artifactKey: Guid(d3765f319e8916c43a0b715a04aa15a9) Importer(815301076,1909f56bfc062723c751e8b465ee728b)
Start importing Assets/Prefabs/Triggers/CheckpointStart Variant.prefab using Guid(d3765f319e8916c43a0b715a04aa15a9) Importer(815301076,1909f56bfc062723c751e8b465ee728b)  -> (artifact id: '2920cf5ff3114769b41b03060cd1203b') in 0.040349 seconds
  Import took 0.055116 seconds .

========================================================================
Received Prepare
Registering precompiled user dll's ...
Registered in 0.020144 seconds.
Begin MonoManager ReloadAssembly
Native extension for WindowsStandalone target not found
Refreshing native plugins compatible for Editor in 1.76 ms, found 2 plugins.
Preloading 0 native plugins for Editor in 0.00 ms.
Mono: successfully reloaded assembly
- Completed reload, in  4.215 seconds
Platform modules already initialized, skipping
Shader 'Universal Render Pipeline/Particles/Lit': fallback shader 'Universal Render Pipeline/Particles/SimpleLit' not found
Refreshing native plugins compatible for Editor in 3.18 ms, found 2 plugins.
Preloading 0 native plugins for Editor in 0.00 ms.
Unloading 3073 Unused Serialized files (Serialized files now loaded: 0)
System memory in use before: 150.5 MB.
System memory in use after: 150.7 MB.

Unloading 15 unused Assets to reduce memory usage. Loaded Objects now: 3653.
Total: 13.271200 ms (FindLiveObjects: 2.026900 ms CreateObjectMapping: 1.194700 ms MarkObjects: 9.975500 ms  DeleteObjects: 0.069600 ms)

========================================================================
Received Prepare
Registering precompiled user dll's ...
Registered in 0.035623 seconds.
Begin MonoManager ReloadAssembly
Native extension for WindowsStandalone target not found
Refreshing native plugins compatible for Editor in 1.53 ms, found 2 plugins.
Preloading 0 native plugins for Editor in 0.00 ms.
Mono: successfully reloaded assembly
- Completed reload, in  4.282 seconds
Platform modules already initialized, skipping
Shader 'Universal Render Pipeline/Particles/Lit': fallback shader 'Universal Render Pipeline/Particles/SimpleLit' not found
Refreshing native plugins compatible for Editor in 1.63 ms, found 2 plugins.
Preloading 0 native plugins for Editor in 0.00 ms.
Unloading 3073 Unused Serialized files (Serialized files now loaded: 0)
System memory in use before: 150.5 MB.
System memory in use after: 150.7 MB.

Unloading 15 unused Assets to reduce memory usage. Loaded Objects now: 3656.
Total: 10.329700 ms (FindLiveObjects: 0.896800 ms CreateObjectMapping: 0.541600 ms MarkObjects: 8.794900 ms  DeleteObjects: 0.091300 ms)

========================================================================
Received Prepare
Registering precompiled user dll's ...
Registered in 0.030053 seconds.
Begin MonoManager ReloadAssembly
Native extension for WindowsStandalone target not found
Refreshing native plugins compatible for Editor in 2.03 ms, found 2 plugins.
Preloading 0 native plugins for Editor in 0.00 ms.
Mono: successfully reloaded assembly
- Completed reload, in  4.039 seconds
Platform modules already initialized, skipping
Shader 'Universal Render Pipeline/Particles/Lit': fallback shader 'Universal Render Pipeline/Particles/SimpleLit' not found
Refreshing native plugins compatible for Editor in 2.77 ms, found 2 plugins.
Preloading 0 native plugins for Editor in 0.00 ms.
Unloading 3073 Unused Serialized files (Serialized files now loaded: 0)
System memory in use before: 150.5 MB.
System memory in use after: 150.7 MB.

Unloading 15 unused Assets to reduce memory usage. Loaded Objects now: 3659.
Total: 9.176200 ms (FindLiveObjects: 0.977300 ms CreateObjectMapping: 0.602300 ms MarkObjects: 7.536400 ms  DeleteObjects: 0.056900 ms)

========================================================================
Received Prepare
Registering precompiled user dll's ...
Registered in 0.030055 seconds.
Begin MonoManager ReloadAssembly
Native extension for WindowsStandalone target not found
Refreshing native plugins compatible for Editor in 1.53 ms, found 2 plugins.
Preloading 0 native plugins for Editor in 0.00 ms.
Mono: successfully reloaded assembly
- Completed reload, in  3.982 seconds
Platform modules already initialized, skipping
Shader 'Universal Render Pipeline/Particles/Lit': fallback shader 'Universal Render Pipeline/Particles/SimpleLit' not found
Refreshing native plugins compatible for Editor in 1.65 ms, found 2 plugins.
Preloading 0 native plugins for Editor in 0.00 ms.
Unloading 3073 Unused Serialized files (Serialized files now loaded: 0)
System memory in use before: 150.5 MB.
System memory in use after: 150.7 MB.

Unloading 15 unused Assets to reduce memory usage. Loaded Objects now: 3662.
Total: 7.791400 ms (FindLiveObjects: 0.777400 ms CreateObjectMapping: 0.338300 ms MarkObjects: 6.615100 ms  DeleteObjects: 0.056100 ms)

========================================================================
Received Prepare
Registering precompiled user dll's ...
Registered in 0.033743 seconds.
Begin MonoManager ReloadAssembly
Native extension for WindowsStandalone target not found
Refreshing native plugins compatible for Editor in 1.75 ms, found 2 plugins.
Preloading 0 native plugins for Editor in 0.00 ms.
Mono: successfully reloaded assembly
- Completed reload, in  4.370 seconds
Platform modules already initialized, skipping
Shader 'Universal Render Pipeline/Particles/Lit': fallback shader 'Universal Render Pipeline/Particles/SimpleLit' not found
Refreshing native plugins compatible for Editor in 1.63 ms, found 2 plugins.
Preloading 0 native plugins for Editor in 0.00 ms.
Unloading 3073 Unused Serialized files (Serialized files now loaded: 0)
System memory in use before: 150.5 MB.
System memory in use after: 150.7 MB.

Unloading 15 unused Assets to reduce memory usage. Loaded Objects now: 3665.
Total: 5.664200 ms (FindLiveObjects: 0.785800 ms CreateObjectMapping: 0.261900 ms MarkObjects: 4.568600 ms  DeleteObjects: 0.044500 ms)

========================================================================
Received Prepare
Registering precompiled user dll's ...
Registered in 0.030034 seconds.
Begin MonoManager ReloadAssembly
Native extension for WindowsStandalone target not found
Refreshing native plugins compatible for Editor in 1.90 ms, found 2 plugins.
Preloading 0 native plugins for Editor in 0.00 ms.
Mono: successfully reloaded assembly
- Completed reload, in  3.781 seconds
Platform modules already initialized, skipping
Shader 'Universal Render Pipeline/Particles/Lit': fallback shader 'Universal Render Pipeline/Particles/SimpleLit' not found
Refreshing native plugins compatible for Editor in 3.02 ms, found 2 plugins.
Preloading 0 native plugins for Editor in 0.00 ms.
Unloading 3073 Unused Serialized files (Serialized files now loaded: 0)
System memory in use before: 150.5 MB.
System memory in use after: 150.7 MB.

Unloading 15 unused Assets to reduce memory usage. Loaded Objects now: 3668.
Total: 7.191500 ms (FindLiveObjects: 0.615400 ms CreateObjectMapping: 0.222100 ms MarkObjects: 6.286300 ms  DeleteObjects: 0.064300 ms)

========================================================================
Received Prepare
Registering precompiled user dll's ...
Registered in 0.033015 seconds.
Begin MonoManager ReloadAssembly
Native extension for WindowsStandalone target not found
Refreshing native plugins compatible for Editor in 2.29 ms, found 2 plugins.
Preloading 0 native plugins for Editor in 0.00 ms.
Mono: successfully reloaded assembly
- Completed reload, in  4.010 seconds
Platform modules already initialized, skipping
Shader 'Universal Render Pipeline/Particles/Lit': fallback shader 'Universal Render Pipeline/Particles/SimpleLit' not found
Refreshing native plugins compatible for Editor in 1.60 ms, found 2 plugins.
Preloading 0 native plugins for Editor in 0.00 ms.
Unloading 3073 Unused Serialized files (Serialized files now loaded: 0)
System memory in use before: 150.5 MB.
System memory in use after: 150.7 MB.

Unloading 15 unused Assets to reduce memory usage. Loaded Objects now: 3671.
Total: 6.656400 ms (FindLiveObjects: 0.618000 ms CreateObjectMapping: 0.214900 ms MarkObjects: 5.767700 ms  DeleteObjects: 0.052400 ms)

========================================================================
Received Prepare
Registering precompiled user dll's ...
Registered in 0.026643 seconds.
Begin MonoManager ReloadAssembly
Native extension for WindowsStandalone target not found
Refreshing native plugins compatible for Editor in 2.28 ms, found 2 plugins.
Preloading 0 native plugins for Editor in 0.00 ms.
Mono: successfully reloaded assembly
- Completed reload, in  4.167 seconds
Platform modules already initialized, skipping
Shader 'Universal Render Pipeline/Particles/Lit': fallback shader 'Universal Render Pipeline/Particles/SimpleLit' not found
Refreshing native plugins compatible for Editor in 1.72 ms, found 2 plugins.
Preloading 0 native plugins for Editor in 0.00 ms.
Unloading 3073 Unused Serialized files (Serialized files now loaded: 0)
System memory in use before: 150.5 MB.
System memory in use after: 150.7 MB.

Unloading 15 unused Assets to reduce memory usage. Loaded Objects now: 3674.
Total: 6.900900 ms (FindLiveObjects: 0.640100 ms CreateObjectMapping: 0.249700 ms MarkObjects: 5.957900 ms  DeleteObjects: 0.049800 ms)

========================================================================
Received Prepare
Registering precompiled user dll's ...
Registered in 0.030223 seconds.
Begin MonoManager ReloadAssembly
Native extension for WindowsStandalone target not found
Refreshing native plugins compatible for Editor in 1.51 ms, found 2 plugins.
Preloading 0 native plugins for Editor in 0.00 ms.
Mono: successfully reloaded assembly
- Completed reload, in  3.799 seconds
Platform modules already initialized, skipping
Shader 'Universal Render Pipeline/Particles/Lit': fallback shader 'Universal Render Pipeline/Particles/SimpleLit' not found
Refreshing native plugins compatible for Editor in 1.65 ms, found 2 plugins.
Preloading 0 native plugins for Editor in 0.00 ms.
Unloading 3073 Unused Serialized files (Serialized files now loaded: 0)
System memory in use before: 150.5 MB.
System memory in use after: 150.7 MB.

Unloading 15 unused Assets to reduce memory usage. Loaded Objects now: 3677.
Total: 7.262100 ms (FindLiveObjects: 0.650200 ms CreateObjectMapping: 0.285000 ms MarkObjects: 6.272600 ms  DeleteObjects: 0.050900 ms)

========================================================================
Received Prepare
Registering precompiled user dll's ...
Registered in 0.032176 seconds.
Begin MonoManager ReloadAssembly
Native extension for WindowsStandalone target not found
Refreshing native plugins compatible for Editor in 1.59 ms, found 2 plugins.
Preloading 0 native plugins for Editor in 0.00 ms.
Mono: successfully reloaded assembly
- Completed reload, in  3.634 seconds
Platform modules already initialized, skipping
Shader 'Universal Render Pipeline/Particles/Lit': fallback shader 'Universal Render Pipeline/Particles/SimpleLit' not found
Refreshing native plugins compatible for Editor in 1.58 ms, found 2 plugins.
Preloading 0 native plugins for Editor in 0.00 ms.
Unloading 3073 Unused Serialized files (Serialized files now loaded: 0)
System memory in use before: 150.5 MB.
System memory in use after: 150.7 MB.

Unloading 15 unused Assets to reduce memory usage. Loaded Objects now: 3680.
Total: 7.844900 ms (FindLiveObjects: 0.650600 ms CreateObjectMapping: 0.295000 ms MarkObjects: 6.831800 ms  DeleteObjects: 0.064300 ms)

========================================================================
Received Prepare
Registering precompiled user dll's ...
Registered in 0.044498 seconds.
Begin MonoManager ReloadAssembly
Native extension for WindowsStandalone target not found
Refreshing native plugins compatible for Editor in 1.71 ms, found 2 plugins.
Preloading 0 native plugins for Editor in 0.00 ms.
Mono: successfully reloaded assembly
- Completed reload, in  4.312 seconds
Platform modules already initialized, skipping
Shader 'Universal Render Pipeline/Particles/Lit': fallback shader 'Universal Render Pipeline/Particles/SimpleLit' not found
Refreshing native plugins compatible for Editor in 2.37 ms, found 2 plugins.
Preloading 0 native plugins for Editor in 0.00 ms.
Unloading 3073 Unused Serialized files (Serialized files now loaded: 0)
System memory in use before: 150.5 MB.
System memory in use after: 150.7 MB.

Unloading 15 unused Assets to reduce memory usage. Loaded Objects now: 3683.
Total: 10.721900 ms (FindLiveObjects: 0.702700 ms CreateObjectMapping: 0.708700 ms MarkObjects: 8.824800 ms  DeleteObjects: 0.479500 ms)

========================================================================
Received Prepare
Registering precompiled user dll's ...
Registered in 0.037679 seconds.
Begin MonoManager ReloadAssembly
Native extension for WindowsStandalone target not found
Refreshing native plugins compatible for Editor in 2.40 ms, found 2 plugins.
Preloading 0 native plugins for Editor in 0.00 ms.
Mono: successfully reloaded assembly
- Completed reload, in  4.061 seconds
Platform modules already initialized, skipping
Shader 'Universal Render Pipeline/Particles/Lit': fallback shader 'Universal Render Pipeline/Particles/SimpleLit' not found
Refreshing native plugins compatible for Editor in 1.82 ms, found 2 plugins.
Preloading 0 native plugins for Editor in 0.00 ms.
Unloading 3073 Unused Serialized files (Serialized files now loaded: 0)
System memory in use before: 150.5 MB.
System memory in use after: 150.8 MB.

Unloading 15 unused Assets to reduce memory usage. Loaded Objects now: 3686.
Total: 6.991200 ms (FindLiveObjects: 0.730500 ms CreateObjectMapping: 0.330100 ms MarkObjects: 5.711500 ms  DeleteObjects: 0.216000 ms)

========================================================================
Received Prepare
Registering precompiled user dll's ...
Registered in 0.031115 seconds.
Begin MonoManager ReloadAssembly
Native extension for WindowsStandalone target not found
Refreshing native plugins compatible for Editor in 1.59 ms, found 2 plugins.
Preloading 0 native plugins for Editor in 0.00 ms.
Mono: successfully reloaded assembly
- Completed reload, in  3.918 seconds
Platform modules already initialized, skipping
Shader 'Universal Render Pipeline/Particles/Lit': fallback shader 'Universal Render Pipeline/Particles/SimpleLit' not found
Refreshing native plugins compatible for Editor in 1.70 ms, found 2 plugins.
Preloading 0 native plugins for Editor in 0.00 ms.
Unloading 3073 Unused Serialized files (Serialized files now loaded: 0)
System memory in use before: 150.5 MB.
System memory in use after: 150.8 MB.

Unloading 15 unused Assets to reduce memory usage. Loaded Objects now: 3689.
Total: 7.358900 ms (FindLiveObjects: 0.621700 ms CreateObjectMapping: 0.287500 ms MarkObjects: 6.391900 ms  DeleteObjects: 0.054500 ms)

========================================================================
Received Prepare
Registering precompiled user dll's ...
Registered in 0.031875 seconds.
Begin MonoManager ReloadAssembly
Native extension for WindowsStandalone target not found
Refreshing native plugins compatible for Editor in 1.89 ms, found 2 plugins.
Preloading 0 native plugins for Editor in 0.00 ms.
Mono: successfully reloaded assembly
- Completed reload, in  3.782 seconds
Platform modules already initialized, skipping
Shader 'Universal Render Pipeline/Particles/Lit': fallback shader 'Universal Render Pipeline/Particles/SimpleLit' not found
Refreshing native plugins compatible for Editor in 1.55 ms, found 2 plugins.
Preloading 0 native plugins for Editor in 0.00 ms.
Unloading 3073 Unused Serialized files (Serialized files now loaded: 0)
System memory in use before: 150.5 MB.
System memory in use after: 150.8 MB.

Unloading 15 unused Assets to reduce memory usage. Loaded Objects now: 3692.
Total: 6.693800 ms (FindLiveObjects: 0.678500 ms CreateObjectMapping: 0.229300 ms MarkObjects: 5.644600 ms  DeleteObjects: 0.138600 ms)

========================================================================
Received Prepare
Registering precompiled user dll's ...
Registered in 0.031540 seconds.
Begin MonoManager ReloadAssembly
Native extension for WindowsStandalone target not found
Refreshing native plugins compatible for Editor in 1.41 ms, found 2 plugins.
Preloading 0 native plugins for Editor in 0.00 ms.
Mono: successfully reloaded assembly
- Completed reload, in  4.040 seconds
Platform modules already initialized, skipping
Shader 'Universal Render Pipeline/Particles/Lit': fallback shader 'Universal Render Pipeline/Particles/SimpleLit' not found
Refreshing native plugins compatible for Editor in 1.61 ms, found 2 plugins.
Preloading 0 native plugins for Editor in 0.00 ms.
Unloading 3073 Unused Serialized files (Serialized files now loaded: 0)
System memory in use before: 150.5 MB.
System memory in use after: 150.8 MB.

Unloading 15 unused Assets to reduce memory usage. Loaded Objects now: 3695.
Total: 8.923500 ms (FindLiveObjects: 1.599200 ms CreateObjectMapping: 0.705600 ms MarkObjects: 6.405100 ms  DeleteObjects: 0.209200 ms)

========================================================================
Received Prepare
Registering precompiled user dll's ...
Registered in 0.049948 seconds.
Begin MonoManager ReloadAssembly
Native extension for WindowsStandalone target not found
Refreshing native plugins compatible for Editor in 2.26 ms, found 2 plugins.
Preloading 0 native plugins for Editor in 0.00 ms.
Mono: successfully reloaded assembly
- Completed reload, in  3.548 seconds
Platform modules already initialized, skipping
Shader 'Universal Render Pipeline/Particles/Lit': fallback shader 'Universal Render Pipeline/Particles/SimpleLit' not found
Refreshing native plugins compatible for Editor in 1.95 ms, found 2 plugins.
Preloading 0 native plugins for Editor in 0.00 ms.
Unloading 3073 Unused Serialized files (Serialized files now loaded: 0)
System memory in use before: 150.5 MB.
System memory in use after: 150.8 MB.

Unloading 15 unused Assets to reduce memory usage. Loaded Objects now: 3698.
Total: 8.159400 ms (FindLiveObjects: 1.060200 ms CreateObjectMapping: 0.376000 ms MarkObjects: 6.652400 ms  DeleteObjects: 0.066300 ms)

========================================================================
Received Prepare
Registering precompiled user dll's ...
Registered in 0.035882 seconds.
Begin MonoManager ReloadAssembly
Native extension for WindowsStandalone target not found
Refreshing native plugins compatible for Editor in 1.68 ms, found 2 plugins.
Preloading 0 native plugins for Editor in 0.00 ms.
Mono: successfully reloaded assembly
- Completed reload, in  3.705 seconds
Platform modules already initialized, skipping
Shader 'Universal Render Pipeline/Particles/Lit': fallback shader 'Universal Render Pipeline/Particles/SimpleLit' not found
Refreshing native plugins compatible for Editor in 2.73 ms, found 2 plugins.
Preloading 0 native plugins for Editor in 0.00 ms.
Unloading 3073 Unused Serialized files (Serialized files now loaded: 0)
System memory in use before: 150.5 MB.
System memory in use after: 150.8 MB.

Unloading 15 unused Assets to reduce memory usage. Loaded Objects now: 3701.
Total: 8.915300 ms (FindLiveObjects: 0.785900 ms CreateObjectMapping: 0.363800 ms MarkObjects: 7.692500 ms  DeleteObjects: 0.068800 ms)

========================================================================
Received Prepare
Registering precompiled user dll's ...
Registered in 0.036333 seconds.
Begin MonoManager ReloadAssembly
Native extension for WindowsStandalone target not found
Refreshing native plugins compatible for Editor in 1.56 ms, found 2 plugins.
Preloading 0 native plugins for Editor in 0.00 ms.
Mono: successfully reloaded assembly
- Completed reload, in  3.703 seconds
Platform modules already initialized, skipping
Shader 'Universal Render Pipeline/Particles/Lit': fallback shader 'Universal Render Pipeline/Particles/SimpleLit' not found
Refreshing native plugins compatible for Editor in 1.66 ms, found 2 plugins.
Preloading 0 native plugins for Editor in 0.00 ms.
Unloading 3073 Unused Serialized files (Serialized files now loaded: 0)
System memory in use before: 150.5 MB.
System memory in use after: 150.8 MB.

Unloading 15 unused Assets to reduce memory usage. Loaded Objects now: 3704.
Total: 6.761800 ms (FindLiveObjects: 0.640700 ms CreateObjectMapping: 0.232700 ms MarkObjects: 5.689900 ms  DeleteObjects: 0.195700 ms)

========================================================================
Received Prepare
Registering precompiled user dll's ...
Registered in 0.031887 seconds.
Begin MonoManager ReloadAssembly
Native extension for WindowsStandalone target not found
Refreshing native plugins compatible for Editor in 1.58 ms, found 2 plugins.
Preloading 0 native plugins for Editor in 0.00 ms.
Mono: successfully reloaded assembly
- Completed reload, in  3.955 seconds
Platform modules already initialized, skipping
Shader 'Universal Render Pipeline/Particles/Lit': fallback shader 'Universal Render Pipeline/Particles/SimpleLit' not found
Refreshing native plugins compatible for Editor in 2.71 ms, found 2 plugins.
Preloading 0 native plugins for Editor in 0.00 ms.
Unloading 3074 Unused Serialized files (Serialized files now loaded: 0)
System memory in use before: 150.6 MB.
System memory in use after: 150.8 MB.

Unloading 15 unused Assets to reduce memory usage. Loaded Objects now: 3708.
Total: 6.836900 ms (FindLiveObjects: 0.649600 ms CreateObjectMapping: 0.363200 ms MarkObjects: 5.759400 ms  DeleteObjects: 0.061900 ms)

========================================================================
Received Import Request.
  Time since last request: 20474.540203 seconds.
  path: Assets/Scripts/Trigger Objects/CheckpointGeneral.cs
  artifactKey: Guid(eef9444e41a3fe54b8e61c31e53ad7cc) Importer(815301076,1909f56bfc062723c751e8b465ee728b)
Start importing Assets/Scripts/Trigger Objects/CheckpointGeneral.cs using Guid(eef9444e41a3fe54b8e61c31e53ad7cc) Importer(815301076,1909f56bfc062723c751e8b465ee728b)  -> (artifact id: '0a59f08cd40b3d66fb750ee809f78aa4') in 0.080950 seconds
  Import took 0.100073 seconds .

========================================================================
Received Import Request.
  Time since last request: 80.738774 seconds.
  path: Assets/Scripts/SceneManager/SceneController.cs
  artifactKey: Guid(b6c46d5d9879a7f4fa669cfd9915e602) Importer(815301076,1909f56bfc062723c751e8b465ee728b)
Start importing Assets/Scripts/SceneManager/SceneController.cs using Guid(b6c46d5d9879a7f4fa669cfd9915e602) Importer(815301076,1909f56bfc062723c751e8b465ee728b)  -> (artifact id: '00000000000000000000000000000000') in 0.001923 seconds
  ERROR: Build asset version error: assets/scripts/scenemanager/scenecontroller.cs in SourceAssetDB has modification time of '2021-08-31T23:43:52.4546858Z' while content on disk has modification time of '2021-08-31T23:59:33.6809303Z'
  Import took 0.020373 seconds .

========================================================================
Received Import Request.
  Time since last request: 0.069706 seconds.
  path: Assets/Scripts/SceneManager/SceneController.cs
  artifactKey: Guid(b6c46d5d9879a7f4fa669cfd9915e602) Importer(815301076,1909f56bfc062723c751e8b465ee728b)
Start importing Assets/Scripts/SceneManager/SceneController.cs using Guid(b6c46d5d9879a7f4fa669cfd9915e602) Importer(815301076,1909f56bfc062723c751e8b465ee728b)  -> (artifact id: '00000000000000000000000000000000') in 0.001707 seconds
  ERROR: Build asset version error: assets/scripts/scenemanager/scenecontroller.cs in SourceAssetDB has modification time of '2021-08-31T23:43:52.4546858Z' while content on disk has modification time of '2021-08-31T23:59:33.6809303Z'
  Import took 0.017434 seconds .

========================================================================
Received Import Request.
  Time since last request: 0.037075 seconds.
  path: Assets/Scripts/SceneManager/SceneController.cs
  artifactKey: Guid(b6c46d5d9879a7f4fa669cfd9915e602) Importer(815301076,1909f56bfc062723c751e8b465ee728b)
Start importing Assets/Scripts/SceneManager/SceneController.cs using Guid(b6c46d5d9879a7f4fa669cfd9915e602) Importer(815301076,1909f56bfc062723c751e8b465ee728b)  -> (artifact id: '00000000000000000000000000000000') in 0.001339 seconds
  ERROR: Build asset version error: assets/scripts/scenemanager/scenecontroller.cs in SourceAssetDB has modification time of '2021-08-31T23:43:52.4546858Z' while content on disk has modification time of '2021-08-31T23:59:33.6809303Z'
  Import took 0.015284 seconds .

========================================================================
Received Import Request.
  Time since last request: 0.064454 seconds.
  path: Assets/Scripts/SceneManager/SceneController.cs
  artifactKey: Guid(b6c46d5d9879a7f4fa669cfd9915e602) Importer(815301076,1909f56bfc062723c751e8b465ee728b)
Start importing Assets/Scripts/SceneManager/SceneController.cs using Guid(b6c46d5d9879a7f4fa669cfd9915e602) Importer(815301076,1909f56bfc062723c751e8b465ee728b)  -> (artifact id: '00000000000000000000000000000000') in 0.003014 seconds
  ERROR: Build asset version error: assets/scripts/scenemanager/scenecontroller.cs in SourceAssetDB has modification time of '2021-08-31T23:43:52.4546858Z' while content on disk has modification time of '2021-08-31T23:59:33.6809303Z'
  Import took 0.025874 seconds .

========================================================================
Received Import Request.
  Time since last request: 0.047086 seconds.
  path: Assets/Scripts/SceneManager/SceneController.cs
  artifactKey: Guid(b6c46d5d9879a7f4fa669cfd9915e602) Importer(815301076,1909f56bfc062723c751e8b465ee728b)
Start importing Assets/Scripts/SceneManager/SceneController.cs using Guid(b6c46d5d9879a7f4fa669cfd9915e602) Importer(815301076,1909f56bfc062723c751e8b465ee728b)  -> (artifact id: '00000000000000000000000000000000') in 0.001288 seconds
  ERROR: Build asset version error: assets/scripts/scenemanager/scenecontroller.cs in SourceAssetDB has modification time of '2021-08-31T23:43:52.4546858Z' while content on disk has modification time of '2021-08-31T23:59:33.6809303Z'
  Import took 0.015568 seconds .

========================================================================
Received Import Request.
  Time since last request: 0.051974 seconds.
  path: Assets/Scripts/SceneManager/SceneController.cs
  artifactKey: Guid(b6c46d5d9879a7f4fa669cfd9915e602) Importer(815301076,1909f56bfc062723c751e8b465ee728b)
Start importing Assets/Scripts/SceneManager/SceneController.cs using Guid(b6c46d5d9879a7f4fa669cfd9915e602) Importer(815301076,1909f56bfc062723c751e8b465ee728b)  -> (artifact id: '00000000000000000000000000000000') in 0.004440 seconds
  ERROR: Build asset version error: assets/scripts/scenemanager/scenecontroller.cs in SourceAssetDB has modification time of '2021-08-31T23:43:52.4546858Z' while content on disk has modification time of '2021-08-31T23:59:33.6809303Z'
  Import took 0.024524 seconds .

========================================================================
Received Import Request.
  Time since last request: 0.047582 seconds.
  path: Assets/Scripts/SceneManager/SceneController.cs
  artifactKey: Guid(b6c46d5d9879a7f4fa669cfd9915e602) Importer(815301076,1909f56bfc062723c751e8b465ee728b)
Start importing Assets/Scripts/SceneManager/SceneController.cs using Guid(b6c46d5d9879a7f4fa669cfd9915e602) Importer(815301076,1909f56bfc062723c751e8b465ee728b)  -> (artifact id: '00000000000000000000000000000000') in 0.001398 seconds
  ERROR: Build asset version error: assets/scripts/scenemanager/scenecontroller.cs in SourceAssetDB has modification time of '2021-08-31T23:43:52.4546858Z' while content on disk has modification time of '2021-08-31T23:59:33.6809303Z'
  Import took 0.013037 seconds .

========================================================================
Received Import Request.
  Time since last request: 0.061113 seconds.
  path: Assets/Scripts/SceneManager/SceneController.cs
  artifactKey: Guid(b6c46d5d9879a7f4fa669cfd9915e602) Importer(815301076,1909f56bfc062723c751e8b465ee728b)
Start importing Assets/Scripts/SceneManager/SceneController.cs using Guid(b6c46d5d9879a7f4fa669cfd9915e602) Importer(815301076,1909f56bfc062723c751e8b465ee728b)  -> (artifact id: '00000000000000000000000000000000') in 0.001266 seconds
  ERROR: Build asset version error: assets/scripts/scenemanager/scenecontroller.cs in SourceAssetDB has modification time of '2021-08-31T23:43:52.4546858Z' while content on disk has modification time of '2021-08-31T23:59:33.6809303Z'
  Import took 0.012856 seconds .

========================================================================
Received Import Request.
  Time since last request: 0.047618 seconds.
  path: Assets/Scripts/SceneManager/SceneController.cs
  artifactKey: Guid(b6c46d5d9879a7f4fa669cfd9915e602) Importer(815301076,1909f56bfc062723c751e8b465ee728b)
Start importing Assets/Scripts/SceneManager/SceneController.cs using Guid(b6c46d5d9879a7f4fa669cfd9915e602) Importer(815301076,1909f56bfc062723c751e8b465ee728b)  -> (artifact id: '00000000000000000000000000000000') in 0.001397 seconds
  ERROR: Build asset version error: assets/scripts/scenemanager/scenecontroller.cs in SourceAssetDB has modification time of '2021-08-31T23:43:52.4546858Z' while content on disk has modification time of '2021-08-31T23:59:33.6809303Z'
  Import took 0.014064 seconds .

========================================================================
Received Import Request.
  Time since last request: 0.047745 seconds.
  path: Assets/Scripts/SceneManager/SceneController.cs
  artifactKey: Guid(b6c46d5d9879a7f4fa669cfd9915e602) Importer(815301076,1909f56bfc062723c751e8b465ee728b)
Start importing Assets/Scripts/SceneManager/SceneController.cs using Guid(b6c46d5d9879a7f4fa669cfd9915e602) Importer(815301076,1909f56bfc062723c751e8b465ee728b)  -> (artifact id: '00000000000000000000000000000000') in 0.001437 seconds
  ERROR: Build asset version error: assets/scripts/scenemanager/scenecontroller.cs in SourceAssetDB has modification time of '2021-08-31T23:43:52.4546858Z' while content on disk has modification time of '2021-08-31T23:59:33.6809303Z'
  Import took 0.013799 seconds .

========================================================================
Received Import Request.
  Time since last request: 0.050630 seconds.
  path: Assets/Scripts/SceneManager/SceneController.cs
  artifactKey: Guid(b6c46d5d9879a7f4fa669cfd9915e602) Importer(815301076,1909f56bfc062723c751e8b465ee728b)
Start importing Assets/Scripts/SceneManager/SceneController.cs using Guid(b6c46d5d9879a7f4fa669cfd9915e602) Importer(815301076,1909f56bfc062723c751e8b465ee728b)  -> (artifact id: '00000000000000000000000000000000') in 0.001682 seconds
  ERROR: Build asset version error: assets/scripts/scenemanager/scenecontroller.cs in SourceAssetDB has modification time of '2021-08-31T23:43:52.4546858Z' while content on disk has modification time of '2021-08-31T23:59:33.6809303Z'
  Import took 0.014901 seconds .

========================================================================
Received Import Request.
  Time since last request: 0.059083 seconds.
  path: Assets/Scripts/SceneManager/SceneController.cs
  artifactKey: Guid(b6c46d5d9879a7f4fa669cfd9915e602) Importer(815301076,1909f56bfc062723c751e8b465ee728b)
Start importing Assets/Scripts/SceneManager/SceneController.cs using Guid(b6c46d5d9879a7f4fa669cfd9915e602) Importer(815301076,1909f56bfc062723c751e8b465ee728b)  -> (artifact id: '00000000000000000000000000000000') in 0.001202 seconds
  ERROR: Build asset version error: assets/scripts/scenemanager/scenecontroller.cs in SourceAssetDB has modification time of '2021-08-31T23:43:52.4546858Z' while content on disk has modification time of '2021-08-31T23:59:33.6809303Z'
  Import took 0.012813 seconds .

========================================================================
Received Import Request.
  Time since last request: 0.048684 seconds.
  path: Assets/Scripts/SceneManager/SceneController.cs
  artifactKey: Guid(b6c46d5d9879a7f4fa669cfd9915e602) Importer(815301076,1909f56bfc062723c751e8b465ee728b)
Start importing Assets/Scripts/SceneManager/SceneController.cs using Guid(b6c46d5d9879a7f4fa669cfd9915e602) Importer(815301076,1909f56bfc062723c751e8b465ee728b)  -> (artifact id: '00000000000000000000000000000000') in 0.001256 seconds
  ERROR: Build asset version error: assets/scripts/scenemanager/scenecontroller.cs in SourceAssetDB has modification time of '2021-08-31T23:43:52.4546858Z' while content on disk has modification time of '2021-08-31T23:59:33.6809303Z'
  Import took 0.013934 seconds .

========================================================================
Received Import Request.
  Time since last request: 0.048109 seconds.
  path: Assets/Scripts/SceneManager/SceneController.cs
  artifactKey: Guid(b6c46d5d9879a7f4fa669cfd9915e602) Importer(815301076,1909f56bfc062723c751e8b465ee728b)
Start importing Assets/Scripts/SceneManager/SceneController.cs using Guid(b6c46d5d9879a7f4fa669cfd9915e602) Importer(815301076,1909f56bfc062723c751e8b465ee728b)  -> (artifact id: '00000000000000000000000000000000') in 0.001796 seconds
  ERROR: Build asset version error: assets/scripts/scenemanager/scenecontroller.cs in SourceAssetDB has modification time of '2021-08-31T23:43:52.4546858Z' while content on disk has modification time of '2021-08-31T23:59:33.6809303Z'
  Import took 0.015271 seconds .

========================================================================
Received Import Request.
  Time since last request: 0.047000 seconds.
  path: Assets/Scripts/SceneManager/SceneController.cs
  artifactKey: Guid(b6c46d5d9879a7f4fa669cfd9915e602) Importer(815301076,1909f56bfc062723c751e8b465ee728b)
Start importing Assets/Scripts/SceneManager/SceneController.cs using Guid(b6c46d5d9879a7f4fa669cfd9915e602) Importer(815301076,1909f56bfc062723c751e8b465ee728b)  -> (artifact id: '00000000000000000000000000000000') in 0.001560 seconds
  ERROR: Build asset version error: assets/scripts/scenemanager/scenecontroller.cs in SourceAssetDB has modification time of '2021-08-31T23:43:52.4546858Z' while content on disk has modification time of '2021-08-31T23:59:33.6809303Z'
  Import took 0.014293 seconds .

========================================================================
Received Import Request.
  Time since last request: 0.065272 seconds.
  path: Assets/Scripts/SceneManager/SceneController.cs
  artifactKey: Guid(b6c46d5d9879a7f4fa669cfd9915e602) Importer(815301076,1909f56bfc062723c751e8b465ee728b)
Start importing Assets/Scripts/SceneManager/SceneController.cs using Guid(b6c46d5d9879a7f4fa669cfd9915e602) Importer(815301076,1909f56bfc062723c751e8b465ee728b)  -> (artifact id: '00000000000000000000000000000000') in 0.001422 seconds
  ERROR: Build asset version error: assets/scripts/scenemanager/scenecontroller.cs in SourceAssetDB has modification time of '2021-08-31T23:43:52.4546858Z' while content on disk has modification time of '2021-08-31T23:59:33.6809303Z'
  Import took 0.015927 seconds .

========================================================================
Received Import Request.
  Time since last request: 0.060314 seconds.
  path: Assets/Scripts/SceneManager/SceneController.cs
  artifactKey: Guid(b6c46d5d9879a7f4fa669cfd9915e602) Importer(815301076,1909f56bfc062723c751e8b465ee728b)
Start importing Assets/Scripts/SceneManager/SceneController.cs using Guid(b6c46d5d9879a7f4fa669cfd9915e602) Importer(815301076,1909f56bfc062723c751e8b465ee728b)  -> (artifact id: '00000000000000000000000000000000') in 0.001567 seconds
  ERROR: Build asset version error: assets/scripts/scenemanager/scenecontroller.cs in SourceAssetDB has modification time of '2021-08-31T23:43:52.4546858Z' while content on disk has modification time of '2021-08-31T23:59:33.6809303Z'
  Import took 0.014871 seconds .

========================================================================
Received Import Request.
  Time since last request: 0.048237 seconds.
  path: Assets/Scripts/SceneManager/SceneController.cs
  artifactKey: Guid(b6c46d5d9879a7f4fa669cfd9915e602) Importer(815301076,1909f56bfc062723c751e8b465ee728b)
Start importing Assets/Scripts/SceneManager/SceneController.cs using Guid(b6c46d5d9879a7f4fa669cfd9915e602) Importer(815301076,1909f56bfc062723c751e8b465ee728b)  -> (artifact id: '00000000000000000000000000000000') in 0.001574 seconds
  ERROR: Build asset version error: assets/scripts/scenemanager/scenecontroller.cs in SourceAssetDB has modification time of '2021-08-31T23:43:52.4546858Z' while content on disk has modification time of '2021-08-31T23:59:33.6809303Z'
  Import took 0.014272 seconds .

========================================================================
Received Import Request.
  Time since last request: 0.047793 seconds.
  path: Assets/Scripts/SceneManager/SceneController.cs
  artifactKey: Guid(b6c46d5d9879a7f4fa669cfd9915e602) Importer(815301076,1909f56bfc062723c751e8b465ee728b)
Start importing Assets/Scripts/SceneManager/SceneController.cs using Guid(b6c46d5d9879a7f4fa669cfd9915e602) Importer(815301076,1909f56bfc062723c751e8b465ee728b)  -> (artifact id: '00000000000000000000000000000000') in 0.001354 seconds
  ERROR: Build asset version error: assets/scripts/scenemanager/scenecontroller.cs in SourceAssetDB has modification time of '2021-08-31T23:43:52.4546858Z' while content on disk has modification time of '2021-08-31T23:59:33.6809303Z'
  Import took 0.013911 seconds .

========================================================================
Received Import Request.
  Time since last request: 0.066778 seconds.
  path: Assets/Scripts/SceneManager/SceneController.cs
  artifactKey: Guid(b6c46d5d9879a7f4fa669cfd9915e602) Importer(815301076,1909f56bfc062723c751e8b465ee728b)
Start importing Assets/Scripts/SceneManager/SceneController.cs using Guid(b6c46d5d9879a7f4fa669cfd9915e602) Importer(815301076,1909f56bfc062723c751e8b465ee728b)  -> (artifact id: '00000000000000000000000000000000') in 0.001298 seconds
  ERROR: Build asset version error: assets/scripts/scenemanager/scenecontroller.cs in SourceAssetDB has modification time of '2021-08-31T23:43:52.4546858Z' while content on disk has modification time of '2021-08-31T23:59:33.6809303Z'
  Import took 0.012852 seconds .

========================================================================
Received Import Request.
  Time since last request: 0.055615 seconds.
  path: Assets/Scripts/SceneManager/SceneController.cs
  artifactKey: Guid(b6c46d5d9879a7f4fa669cfd9915e602) Importer(815301076,1909f56bfc062723c751e8b465ee728b)
Start importing Assets/Scripts/SceneManager/SceneController.cs using Guid(b6c46d5d9879a7f4fa669cfd9915e602) Importer(815301076,1909f56bfc062723c751e8b465ee728b)  -> (artifact id: '00000000000000000000000000000000') in 0.002138 seconds
  ERROR: Build asset version error: assets/scripts/scenemanager/scenecontroller.cs in SourceAssetDB has modification time of '2021-08-31T23:43:52.4546858Z' while content on disk has modification time of '2021-08-31T23:59:33.6809303Z'
  Import took 0.016911 seconds .

========================================================================
Received Import Request.
  Time since last request: 0.048696 seconds.
  path: Assets/Scripts/SceneManager/SceneController.cs
  artifactKey: Guid(b6c46d5d9879a7f4fa669cfd9915e602) Importer(815301076,1909f56bfc062723c751e8b465ee728b)
Start importing Assets/Scripts/SceneManager/SceneController.cs using Guid(b6c46d5d9879a7f4fa669cfd9915e602) Importer(815301076,1909f56bfc062723c751e8b465ee728b)  -> (artifact id: '00000000000000000000000000000000') in 0.001314 seconds
  ERROR: Build asset version error: assets/scripts/scenemanager/scenecontroller.cs in SourceAssetDB has modification time of '2021-08-31T23:43:52.4546858Z' while content on disk has modification time of '2021-08-31T23:59:33.6809303Z'
  Import took 0.017362 seconds .

========================================================================
Received Import Request.
  Time since last request: 0.064150 seconds.
  path: Assets/Scripts/SceneManager/SceneController.cs
  artifactKey: Guid(b6c46d5d9879a7f4fa669cfd9915e602) Importer(815301076,1909f56bfc062723c751e8b465ee728b)
Start importing Assets/Scripts/SceneManager/SceneController.cs using Guid(b6c46d5d9879a7f4fa669cfd9915e602) Importer(815301076,1909f56bfc062723c751e8b465ee728b)  -> (artifact id: '00000000000000000000000000000000') in 0.001626 seconds
  ERROR: Build asset version error: assets/scripts/scenemanager/scenecontroller.cs in SourceAssetDB has modification time of '2021-08-31T23:43:52.4546858Z' while content on disk has modification time of '2021-08-31T23:59:33.6809303Z'
  Import took 0.017738 seconds .

========================================================================
Received Import Request.
  Time since last request: 0.052271 seconds.
  path: Assets/Scripts/SceneManager/SceneController.cs
  artifactKey: Guid(b6c46d5d9879a7f4fa669cfd9915e602) Importer(815301076,1909f56bfc062723c751e8b465ee728b)
Start importing Assets/Scripts/SceneManager/SceneController.cs using Guid(b6c46d5d9879a7f4fa669cfd9915e602) Importer(815301076,1909f56bfc062723c751e8b465ee728b)  -> (artifact id: '00000000000000000000000000000000') in 0.001259 seconds
  ERROR: Build asset version error: assets/scripts/scenemanager/scenecontroller.cs in SourceAssetDB has modification time of '2021-08-31T23:43:52.4546858Z' while content on disk has modification time of '2021-08-31T23:59:33.6809303Z'
  Import took 0.013040 seconds .

========================================================================
Received Import Request.
  Time since last request: 0.049212 seconds.
  path: Assets/Scripts/SceneManager/SceneController.cs
  artifactKey: Guid(b6c46d5d9879a7f4fa669cfd9915e602) Importer(815301076,1909f56bfc062723c751e8b465ee728b)
Start importing Assets/Scripts/SceneManager/SceneController.cs using Guid(b6c46d5d9879a7f4fa669cfd9915e602) Importer(815301076,1909f56bfc062723c751e8b465ee728b)  -> (artifact id: '00000000000000000000000000000000') in 0.001644 seconds
  ERROR: Build asset version error: assets/scripts/scenemanager/scenecontroller.cs in SourceAssetDB has modification time of '2021-08-31T23:43:52.4546858Z' while content on disk has modification time of '2021-08-31T23:59:33.6809303Z'
  Import took 0.016733 seconds .

========================================================================
Received Import Request.
  Time since last request: 0.058023 seconds.
  path: Assets/Scripts/SceneManager/SceneController.cs
  artifactKey: Guid(b6c46d5d9879a7f4fa669cfd9915e602) Importer(815301076,1909f56bfc062723c751e8b465ee728b)
Start importing Assets/Scripts/SceneManager/SceneController.cs using Guid(b6c46d5d9879a7f4fa669cfd9915e602) Importer(815301076,1909f56bfc062723c751e8b465ee728b)  -> (artifact id: '00000000000000000000000000000000') in 0.001277 seconds
  ERROR: Build asset version error: assets/scripts/scenemanager/scenecontroller.cs in SourceAssetDB has modification time of '2021-08-31T23:43:52.4546858Z' while content on disk has modification time of '2021-08-31T23:59:33.6809303Z'
  Import took 0.013759 seconds .

========================================================================
Received Import Request.
  Time since last request: 0.046742 seconds.
  path: Assets/Scripts/SceneManager/SceneController.cs
  artifactKey: Guid(b6c46d5d9879a7f4fa669cfd9915e602) Importer(815301076,1909f56bfc062723c751e8b465ee728b)
Start importing Assets/Scripts/SceneManager/SceneController.cs using Guid(b6c46d5d9879a7f4fa669cfd9915e602) Importer(815301076,1909f56bfc062723c751e8b465ee728b)  -> (artifact id: '00000000000000000000000000000000') in 0.001267 seconds
  ERROR: Build asset version error: assets/scripts/scenemanager/scenecontroller.cs in SourceAssetDB has modification time of '2021-08-31T23:43:52.4546858Z' while content on disk has modification time of '2021-08-31T23:59:33.6809303Z'
  Import took 0.013485 seconds .

========================================================================
Received Import Request.
  Time since last request: 0.047697 seconds.
  path: Assets/Scripts/SceneManager/SceneController.cs
  artifactKey: Guid(b6c46d5d9879a7f4fa669cfd9915e602) Importer(815301076,1909f56bfc062723c751e8b465ee728b)
Start importing Assets/Scripts/SceneManager/SceneController.cs using Guid(b6c46d5d9879a7f4fa669cfd9915e602) Importer(815301076,1909f56bfc062723c751e8b465ee728b)  -> (artifact id: '00000000000000000000000000000000') in 0.001265 seconds
  ERROR: Build asset version error: assets/scripts/scenemanager/scenecontroller.cs in SourceAssetDB has modification time of '2021-08-31T23:43:52.4546858Z' while content on disk has modification time of '2021-08-31T23:59:33.6809303Z'
  Import took 0.012717 seconds .

========================================================================
Received Import Request.
  Time since last request: 0.048372 seconds.
  path: Assets/Scripts/SceneManager/SceneController.cs
  artifactKey: Guid(b6c46d5d9879a7f4fa669cfd9915e602) Importer(815301076,1909f56bfc062723c751e8b465ee728b)
Start importing Assets/Scripts/SceneManager/SceneController.cs using Guid(b6c46d5d9879a7f4fa669cfd9915e602) Importer(815301076,1909f56bfc062723c751e8b465ee728b)  -> (artifact id: '00000000000000000000000000000000') in 0.001321 seconds
  ERROR: Build asset version error: assets/scripts/scenemanager/scenecontroller.cs in SourceAssetDB has modification time of '2021-08-31T23:43:52.4546858Z' while content on disk has modification time of '2021-08-31T23:59:33.6809303Z'
  Import took 0.013409 seconds .

========================================================================
Received Import Request.
  Time since last request: 0.060217 seconds.
  path: Assets/Scripts/SceneManager/SceneController.cs
  artifactKey: Guid(b6c46d5d9879a7f4fa669cfd9915e602) Importer(815301076,1909f56bfc062723c751e8b465ee728b)
Start importing Assets/Scripts/SceneManager/SceneController.cs using Guid(b6c46d5d9879a7f4fa669cfd9915e602) Importer(815301076,1909f56bfc062723c751e8b465ee728b)  -> (artifact id: '00000000000000000000000000000000') in 0.001303 seconds
  ERROR: Build asset version error: assets/scripts/scenemanager/scenecontroller.cs in SourceAssetDB has modification time of '2021-08-31T23:43:52.4546858Z' while content on disk has modification time of '2021-08-31T23:59:33.6809303Z'
  Import took 0.014934 seconds .

========================================================================
Received Import Request.
  Time since last request: 0.048269 seconds.
  path: Assets/Scripts/SceneManager/SceneController.cs
  artifactKey: Guid(b6c46d5d9879a7f4fa669cfd9915e602) Importer(815301076,1909f56bfc062723c751e8b465ee728b)
Start importing Assets/Scripts/SceneManager/SceneController.cs using Guid(b6c46d5d9879a7f4fa669cfd9915e602) Importer(815301076,1909f56bfc062723c751e8b465ee728b)  -> (artifact id: '00000000000000000000000000000000') in 0.001272 seconds
  ERROR: Build asset version error: assets/scripts/scenemanager/scenecontroller.cs in SourceAssetDB has modification time of '2021-08-31T23:43:52.4546858Z' while content on disk has modification time of '2021-08-31T23:59:33.6809303Z'
  Import took 0.012667 seconds .

========================================================================
Received Import Request.
  Time since last request: 0.048810 seconds.
  path: Assets/Scripts/SceneManager/SceneController.cs
  artifactKey: Guid(b6c46d5d9879a7f4fa669cfd9915e602) Importer(815301076,1909f56bfc062723c751e8b465ee728b)
Start importing Assets/Scripts/SceneManager/SceneController.cs using Guid(b6c46d5d9879a7f4fa669cfd9915e602) Importer(815301076,1909f56bfc062723c751e8b465ee728b)  -> (artifact id: '00000000000000000000000000000000') in 0.001279 seconds
  ERROR: Build asset version error: assets/scripts/scenemanager/scenecontroller.cs in SourceAssetDB has modification time of '2021-08-31T23:43:52.4546858Z' while content on disk has modification time of '2021-08-31T23:59:33.6809303Z'
  Import took 0.013068 seconds .

========================================================================
Received Import Request.
  Time since last request: 0.062090 seconds.
  path: Assets/Scripts/SceneManager/SceneController.cs
  artifactKey: Guid(b6c46d5d9879a7f4fa669cfd9915e602) Importer(815301076,1909f56bfc062723c751e8b465ee728b)
Start importing Assets/Scripts/SceneManager/SceneController.cs using Guid(b6c46d5d9879a7f4fa669cfd9915e602) Importer(815301076,1909f56bfc062723c751e8b465ee728b)  -> (artifact id: '00000000000000000000000000000000') in 0.001294 seconds
  ERROR: Build asset version error: assets/scripts/scenemanager/scenecontroller.cs in SourceAssetDB has modification time of '2021-08-31T23:43:52.4546858Z' while content on disk has modification time of '2021-08-31T23:59:33.6809303Z'
  Import took 0.014162 seconds .

========================================================================
Received Import Request.
  Time since last request: 0.046925 seconds.
  path: Assets/Scripts/SceneManager/SceneController.cs
  artifactKey: Guid(b6c46d5d9879a7f4fa669cfd9915e602) Importer(815301076,1909f56bfc062723c751e8b465ee728b)
Start importing Assets/Scripts/SceneManager/SceneController.cs using Guid(b6c46d5d9879a7f4fa669cfd9915e602) Importer(815301076,1909f56bfc062723c751e8b465ee728b)  -> (artifact id: '00000000000000000000000000000000') in 0.001564 seconds
  ERROR: Build asset version error: assets/scripts/scenemanager/scenecontroller.cs in SourceAssetDB has modification time of '2021-08-31T23:43:52.4546858Z' while content on disk has modification time of '2021-08-31T23:59:33.6809303Z'
  Import took 0.014659 seconds .

========================================================================
Received Import Request.
  Time since last request: 0.047674 seconds.
  path: Assets/Scripts/SceneManager/SceneController.cs
  artifactKey: Guid(b6c46d5d9879a7f4fa669cfd9915e602) Importer(815301076,1909f56bfc062723c751e8b465ee728b)
Start importing Assets/Scripts/SceneManager/SceneController.cs using Guid(b6c46d5d9879a7f4fa669cfd9915e602) Importer(815301076,1909f56bfc062723c751e8b465ee728b)  -> (artifact id: '00000000000000000000000000000000') in 0.001308 seconds
  ERROR: Build asset version error: assets/scripts/scenemanager/scenecontroller.cs in SourceAssetDB has modification time of '2021-08-31T23:43:52.4546858Z' while content on disk has modification time of '2021-08-31T23:59:33.6809303Z'
  Import took 0.014199 seconds .

========================================================================
Received Import Request.
  Time since last request: 0.047616 seconds.
  path: Assets/Scripts/SceneManager/SceneController.cs
  artifactKey: Guid(b6c46d5d9879a7f4fa669cfd9915e602) Importer(815301076,1909f56bfc062723c751e8b465ee728b)
Start importing Assets/Scripts/SceneManager/SceneController.cs using Guid(b6c46d5d9879a7f4fa669cfd9915e602) Importer(815301076,1909f56bfc062723c751e8b465ee728b)  -> (artifact id: '00000000000000000000000000000000') in 0.001670 seconds
  ERROR: Build asset version error: assets/scripts/scenemanager/scenecontroller.cs in SourceAssetDB has modification time of '2021-08-31T23:43:52.4546858Z' while content on disk has modification time of '2021-08-31T23:59:33.6809303Z'
  Import took 0.013402 seconds .

========================================================================
Received Import Request.
  Time since last request: 0.061708 seconds.
  path: Assets/Scripts/SceneManager/SceneController.cs
  artifactKey: Guid(b6c46d5d9879a7f4fa669cfd9915e602) Importer(815301076,1909f56bfc062723c751e8b465ee728b)
Start importing Assets/Scripts/SceneManager/SceneController.cs using Guid(b6c46d5d9879a7f4fa669cfd9915e602) Importer(815301076,1909f56bfc062723c751e8b465ee728b)  -> (artifact id: '00000000000000000000000000000000') in 0.001318 seconds
  ERROR: Build asset version error: assets/scripts/scenemanager/scenecontroller.cs in SourceAssetDB has modification time of '2021-08-31T23:43:52.4546858Z' while content on disk has modification time of '2021-08-31T23:59:33.6809303Z'
  Import took 0.013143 seconds .

========================================================================
Received Import Request.
  Time since last request: 0.057150 seconds.
  path: Assets/Scripts/SceneManager/SceneController.cs
  artifactKey: Guid(b6c46d5d9879a7f4fa669cfd9915e602) Importer(815301076,1909f56bfc062723c751e8b465ee728b)
Start importing Assets/Scripts/SceneManager/SceneController.cs using Guid(b6c46d5d9879a7f4fa669cfd9915e602) Importer(815301076,1909f56bfc062723c751e8b465ee728b)  -> (artifact id: '00000000000000000000000000000000') in 0.001295 seconds
  ERROR: Build asset version error: assets/scripts/scenemanager/scenecontroller.cs in SourceAssetDB has modification time of '2021-08-31T23:43:52.4546858Z' while content on disk has modification time of '2021-08-31T23:59:33.6809303Z'
  Import took 0.013183 seconds .

========================================================================
Received Import Request.
  Time since last request: 0.054569 seconds.
  path: Assets/Scripts/SceneManager/SceneController.cs
  artifactKey: Guid(b6c46d5d9879a7f4fa669cfd9915e602) Importer(815301076,1909f56bfc062723c751e8b465ee728b)
Start importing Assets/Scripts/SceneManager/SceneController.cs using Guid(b6c46d5d9879a7f4fa669cfd9915e602) Importer(815301076,1909f56bfc062723c751e8b465ee728b)  -> (artifact id: '00000000000000000000000000000000') in 0.001299 seconds
  ERROR: Build asset version error: assets/scripts/scenemanager/scenecontroller.cs in SourceAssetDB has modification time of '2021-08-31T23:43:52.4546858Z' while content on disk has modification time of '2021-08-31T23:59:33.6809303Z'
  Import took 0.013473 seconds .

========================================================================
Received Import Request.
  Time since last request: 0.056772 seconds.
  path: Assets/Scripts/SceneManager/SceneController.cs
  artifactKey: Guid(b6c46d5d9879a7f4fa669cfd9915e602) Importer(815301076,1909f56bfc062723c751e8b465ee728b)
Start importing Assets/Scripts/SceneManager/SceneController.cs using Guid(b6c46d5d9879a7f4fa669cfd9915e602) Importer(815301076,1909f56bfc062723c751e8b465ee728b)  -> (artifact id: '00000000000000000000000000000000') in 0.001452 seconds
  ERROR: Build asset version error: assets/scripts/scenemanager/scenecontroller.cs in SourceAssetDB has modification time of '2021-08-31T23:43:52.4546858Z' while content on disk has modification time of '2021-08-31T23:59:33.6809303Z'
  Import took 0.014528 seconds .

========================================================================
Received Import Request.
  Time since last request: 0.070567 seconds.
  path: Assets/Scripts/SceneManager/SceneController.cs
  artifactKey: Guid(b6c46d5d9879a7f4fa669cfd9915e602) Importer(815301076,1909f56bfc062723c751e8b465ee728b)
Start importing Assets/Scripts/SceneManager/SceneController.cs using Guid(b6c46d5d9879a7f4fa669cfd9915e602) Importer(815301076,1909f56bfc062723c751e8b465ee728b)  -> (artifact id: '00000000000000000000000000000000') in 0.001571 seconds
  ERROR: Build asset version error: assets/scripts/scenemanager/scenecontroller.cs in SourceAssetDB has modification time of '2021-08-31T23:43:52.4546858Z' while content on disk has modification time of '2021-08-31T23:59:33.6809303Z'
  Import took 0.015824 seconds .

========================================================================
Received Import Request.
  Time since last request: 0.048157 seconds.
  path: Assets/Scripts/SceneManager/SceneController.cs
  artifactKey: Guid(b6c46d5d9879a7f4fa669cfd9915e602) Importer(815301076,1909f56bfc062723c751e8b465ee728b)
Start importing Assets/Scripts/SceneManager/SceneController.cs using Guid(b6c46d5d9879a7f4fa669cfd9915e602) Importer(815301076,1909f56bfc062723c751e8b465ee728b)  -> (artifact id: '00000000000000000000000000000000') in 0.001257 seconds
  ERROR: Build asset version error: assets/scripts/scenemanager/scenecontroller.cs in SourceAssetDB has modification time of '2021-08-31T23:43:52.4546858Z' while content on disk has modification time of '2021-08-31T23:59:33.6809303Z'
  Import took 0.012954 seconds .

========================================================================
Received Import Request.
  Time since last request: 0.047139 seconds.
  path: Assets/Scripts/SceneManager/SceneController.cs
  artifactKey: Guid(b6c46d5d9879a7f4fa669cfd9915e602) Importer(815301076,1909f56bfc062723c751e8b465ee728b)
Start importing Assets/Scripts/SceneManager/SceneController.cs using Guid(b6c46d5d9879a7f4fa669cfd9915e602) Importer(815301076,1909f56bfc062723c751e8b465ee728b)  -> (artifact id: '00000000000000000000000000000000') in 0.001324 seconds
  ERROR: Build asset version error: assets/scripts/scenemanager/scenecontroller.cs in SourceAssetDB has modification time of '2021-08-31T23:43:52.4546858Z' while content on disk has modification time of '2021-08-31T23:59:33.6809303Z'
  Import took 0.014891 seconds .

========================================================================
Received Import Request.
  Time since last request: 0.067344 seconds.
  path: Assets/Scripts/SceneManager/SceneController.cs
  artifactKey: Guid(b6c46d5d9879a7f4fa669cfd9915e602) Importer(815301076,1909f56bfc062723c751e8b465ee728b)
Start importing Assets/Scripts/SceneManager/SceneController.cs using Guid(b6c46d5d9879a7f4fa669cfd9915e602) Importer(815301076,1909f56bfc062723c751e8b465ee728b)  -> (artifact id: '00000000000000000000000000000000') in 0.001598 seconds
  ERROR: Build asset version error: assets/scripts/scenemanager/scenecontroller.cs in SourceAssetDB has modification time of '2021-08-31T23:43:52.4546858Z' while content on disk has modification time of '2021-08-31T23:59:33.6809303Z'
  Import took 0.014855 seconds .

========================================================================
Received Import Request.
  Time since last request: 0.056246 seconds.
  path: Assets/Scripts/SceneManager/SceneController.cs
  artifactKey: Guid(b6c46d5d9879a7f4fa669cfd9915e602) Importer(815301076,1909f56bfc062723c751e8b465ee728b)
Start importing Assets/Scripts/SceneManager/SceneController.cs using Guid(b6c46d5d9879a7f4fa669cfd9915e602) Importer(815301076,1909f56bfc062723c751e8b465ee728b)  -> (artifact id: '00000000000000000000000000000000') in 0.001565 seconds
  ERROR: Build asset version error: assets/scripts/scenemanager/scenecontroller.cs in SourceAssetDB has modification time of '2021-08-31T23:43:52.4546858Z' while content on disk has modification time of '2021-08-31T23:59:33.6809303Z'
  Import took 0.017940 seconds .

========================================================================
Received Import Request.
  Time since last request: 0.054903 seconds.
  path: Assets/Scripts/SceneManager/SceneController.cs
  artifactKey: Guid(b6c46d5d9879a7f4fa669cfd9915e602) Importer(815301076,1909f56bfc062723c751e8b465ee728b)
Start importing Assets/Scripts/SceneManager/SceneController.cs using Guid(b6c46d5d9879a7f4fa669cfd9915e602) Importer(815301076,1909f56bfc062723c751e8b465ee728b)  -> (artifact id: '00000000000000000000000000000000') in 0.001341 seconds
  ERROR: Build asset version error: assets/scripts/scenemanager/scenecontroller.cs in SourceAssetDB has modification time of '2021-08-31T23:43:52.4546858Z' while content on disk has modification time of '2021-08-31T23:59:33.6809303Z'
  Import took 0.012963 seconds .

========================================================================
Received Import Request.
  Time since last request: 0.049738 seconds.
  path: Assets/Scripts/SceneManager/SceneController.cs
  artifactKey: Guid(b6c46d5d9879a7f4fa669cfd9915e602) Importer(815301076,1909f56bfc062723c751e8b465ee728b)
Start importing Assets/Scripts/SceneManager/SceneController.cs using Guid(b6c46d5d9879a7f4fa669cfd9915e602) Importer(815301076,1909f56bfc062723c751e8b465ee728b)  -> (artifact id: '00000000000000000000000000000000') in 0.001379 seconds
  ERROR: Build asset version error: assets/scripts/scenemanager/scenecontroller.cs in SourceAssetDB has modification time of '2021-08-31T23:43:52.4546858Z' while content on disk has modification time of '2021-08-31T23:59:33.6809303Z'
  Import took 0.013546 seconds .

========================================================================
Received Import Request.
  Time since last request: 0.064510 seconds.
  path: Assets/Scripts/SceneManager/SceneController.cs
  artifactKey: Guid(b6c46d5d9879a7f4fa669cfd9915e602) Importer(815301076,1909f56bfc062723c751e8b465ee728b)
Start importing Assets/Scripts/SceneManager/SceneController.cs using Guid(b6c46d5d9879a7f4fa669cfd9915e602) Importer(815301076,1909f56bfc062723c751e8b465ee728b)  -> (artifact id: '00000000000000000000000000000000') in 0.001321 seconds
  ERROR: Build asset version error: assets/scripts/scenemanager/scenecontroller.cs in SourceAssetDB has modification time of '2021-08-31T23:43:52.4546858Z' while content on disk has modification time of '2021-08-31T23:59:33.6809303Z'
  Import took 0.014089 seconds .

========================================================================
Received Import Request.
  Time since last request: 0.049125 seconds.
  path: Assets/Scripts/SceneManager/SceneController.cs
  artifactKey: Guid(b6c46d5d9879a7f4fa669cfd9915e602) Importer(815301076,1909f56bfc062723c751e8b465ee728b)
Start importing Assets/Scripts/SceneManager/SceneController.cs using Guid(b6c46d5d9879a7f4fa669cfd9915e602) Importer(815301076,1909f56bfc062723c751e8b465ee728b)  -> (artifact id: '00000000000000000000000000000000') in 0.001248 seconds
  ERROR: Build asset version error: assets/scripts/scenemanager/scenecontroller.cs in SourceAssetDB has modification time of '2021-08-31T23:43:52.4546858Z' while content on disk has modification time of '2021-08-31T23:59:33.6809303Z'
  Import took 0.013179 seconds .

========================================================================
Received Import Request.
  Time since last request: 0.050588 seconds.
  path: Assets/Scripts/SceneManager/SceneController.cs
  artifactKey: Guid(b6c46d5d9879a7f4fa669cfd9915e602) Importer(815301076,1909f56bfc062723c751e8b465ee728b)
Start importing Assets/Scripts/SceneManager/SceneController.cs using Guid(b6c46d5d9879a7f4fa669cfd9915e602) Importer(815301076,1909f56bfc062723c751e8b465ee728b)  -> (artifact id: '00000000000000000000000000000000') in 0.001762 seconds
  ERROR: Build asset version error: assets/scripts/scenemanager/scenecontroller.cs in SourceAssetDB has modification time of '2021-08-31T23:43:52.4546858Z' while content on disk has modification time of '2021-08-31T23:59:33.6809303Z'
  Import took 0.016349 seconds .

========================================================================
Received Import Request.
  Time since last request: 0.051177 seconds.
  path: Assets/Scripts/SceneManager/SceneController.cs
  artifactKey: Guid(b6c46d5d9879a7f4fa669cfd9915e602) Importer(815301076,1909f56bfc062723c751e8b465ee728b)
Start importing Assets/Scripts/SceneManager/SceneController.cs using Guid(b6c46d5d9879a7f4fa669cfd9915e602) Importer(815301076,1909f56bfc062723c751e8b465ee728b)  -> (artifact id: '00000000000000000000000000000000') in 0.001275 seconds
  ERROR: Build asset version error: assets/scripts/scenemanager/scenecontroller.cs in SourceAssetDB has modification time of '2021-08-31T23:43:52.4546858Z' while content on disk has modification time of '2021-08-31T23:59:33.6809303Z'
  Import took 0.012588 seconds .

========================================================================
Received Import Request.
  Time since last request: 0.059314 seconds.
  path: Assets/Scripts/SceneManager/SceneController.cs
  artifactKey: Guid(b6c46d5d9879a7f4fa669cfd9915e602) Importer(815301076,1909f56bfc062723c751e8b465ee728b)
Start importing Assets/Scripts/SceneManager/SceneController.cs using Guid(b6c46d5d9879a7f4fa669cfd9915e602) Importer(815301076,1909f56bfc062723c751e8b465ee728b)  -> (artifact id: '00000000000000000000000000000000') in 0.001181 seconds
  ERROR: Build asset version error: assets/scripts/scenemanager/scenecontroller.cs in SourceAssetDB has modification time of '2021-08-31T23:43:52.4546858Z' while content on disk has modification time of '2021-08-31T23:59:33.6809303Z'
  Import took 0.013508 seconds .

========================================================================
Received Import Request.
  Time since last request: 0.054361 seconds.
  path: Assets/Scripts/SceneManager/SceneController.cs
  artifactKey: Guid(b6c46d5d9879a7f4fa669cfd9915e602) Importer(815301076,1909f56bfc062723c751e8b465ee728b)
Start importing Assets/Scripts/SceneManager/SceneController.cs using Guid(b6c46d5d9879a7f4fa669cfd9915e602) Importer(815301076,1909f56bfc062723c751e8b465ee728b)  -> (artifact id: '00000000000000000000000000000000') in 0.001394 seconds
  ERROR: Build asset version error: assets/scripts/scenemanager/scenecontroller.cs in SourceAssetDB has modification time of '2021-08-31T23:43:52.4546858Z' while content on disk has modification time of '2021-08-31T23:59:33.6809303Z'
  Import took 0.013466 seconds .

========================================================================
Received Import Request.
  Time since last request: 0.050066 seconds.
  path: Assets/Scripts/SceneManager/SceneController.cs
  artifactKey: Guid(b6c46d5d9879a7f4fa669cfd9915e602) Importer(815301076,1909f56bfc062723c751e8b465ee728b)
Start importing Assets/Scripts/SceneManager/SceneController.cs using Guid(b6c46d5d9879a7f4fa669cfd9915e602) Importer(815301076,1909f56bfc062723c751e8b465ee728b)  -> (artifact id: '00000000000000000000000000000000') in 0.001497 seconds
  ERROR: Build asset version error: assets/scripts/scenemanager/scenecontroller.cs in SourceAssetDB has modification time of '2021-08-31T23:43:52.4546858Z' while content on disk has modification time of '2021-08-31T23:59:33.6809303Z'
  Import took 0.016463 seconds .

========================================================================
Received Import Request.
  Time since last request: 0.044569 seconds.
  path: Assets/Scripts/SceneManager/SceneController.cs
  artifactKey: Guid(b6c46d5d9879a7f4fa669cfd9915e602) Importer(815301076,1909f56bfc062723c751e8b465ee728b)
Start importing Assets/Scripts/SceneManager/SceneController.cs using Guid(b6c46d5d9879a7f4fa669cfd9915e602) Importer(815301076,1909f56bfc062723c751e8b465ee728b)  -> (artifact id: '00000000000000000000000000000000') in 0.001755 seconds
  ERROR: Build asset version error: assets/scripts/scenemanager/scenecontroller.cs in SourceAssetDB has modification time of '2021-08-31T23:43:52.4546858Z' while content on disk has modification time of '2021-08-31T23:59:33.6809303Z'
  Import took 0.016401 seconds .

========================================================================
Received Import Request.
  Time since last request: 0.065228 seconds.
  path: Assets/Scripts/SceneManager/SceneController.cs
  artifactKey: Guid(b6c46d5d9879a7f4fa669cfd9915e602) Importer(815301076,1909f56bfc062723c751e8b465ee728b)
Start importing Assets/Scripts/SceneManager/SceneController.cs using Guid(b6c46d5d9879a7f4fa669cfd9915e602) Importer(815301076,1909f56bfc062723c751e8b465ee728b)  -> (artifact id: '00000000000000000000000000000000') in 0.001275 seconds
  ERROR: Build asset version error: assets/scripts/scenemanager/scenecontroller.cs in SourceAssetDB has modification time of '2021-08-31T23:43:52.4546858Z' while content on disk has modification time of '2021-08-31T23:59:33.6809303Z'
  Import took 0.013813 seconds .

========================================================================
Received Import Request.
  Time since last request: 145.477716 seconds.
  path: Assets/Scripts/Player/Respawn.cs
  artifactKey: Guid(38d5bc1c697838b49b1a481463c16c53) Importer(815301076,1909f56bfc062723c751e8b465ee728b)
Start importing Assets/Scripts/Player/Respawn.cs using Guid(38d5bc1c697838b49b1a481463c16c53) Importer(815301076,1909f56bfc062723c751e8b465ee728b)  -> (artifact id: 'eb3ae58610e27dfaeb9a9bb5d48d7be6') in 0.038390 seconds
  Import took 0.076576 seconds .

========================================================================
Received Import Request.
  Time since last request: 0.013884 seconds.
  path: Assets/Scripts/Player/Respawn.cs
  artifactKey: Guid(38d5bc1c697838b49b1a481463c16c53) Importer(815301076,1909f56bfc062723c751e8b465ee728b)
Start importing Assets/Scripts/Player/Respawn.cs using Guid(38d5bc1c697838b49b1a481463c16c53) Importer(815301076,1909f56bfc062723c751e8b465ee728b)  -> (artifact id: 'eb3ae58610e27dfaeb9a9bb5d48d7be6') in 0.017286 seconds
  Import took 0.044924 seconds .

========================================================================
Received Import Request.
  Time since last request: 92.706919 seconds.
  path: Assets/Scripts/Player/Respawn.cs
  artifactKey: Guid(38d5bc1c697838b49b1a481463c16c53) Importer(815301076,1909f56bfc062723c751e8b465ee728b)
Start importing Assets/Scripts/Player/Respawn.cs using Guid(38d5bc1c697838b49b1a481463c16c53) Importer(815301076,1909f56bfc062723c751e8b465ee728b)  -> (artifact id: '61c6b06b3d9c954f09b7d273e8f4c85b') in 0.023802 seconds
  Import took 0.051221 seconds .

========================================================================
Received Prepare
Registering precompiled user dll's ...
Registered in 0.035854 seconds.
Begin MonoManager ReloadAssembly
Native extension for WindowsStandalone target not found
Refreshing native plugins compatible for Editor in 1.58 ms, found 2 plugins.
Preloading 0 native plugins for Editor in 0.00 ms.
Mono: successfully reloaded assembly
- Completed reload, in  3.918 seconds
Platform modules already initialized, skipping
Shader 'Universal Render Pipeline/Particles/Lit': fallback shader 'Universal Render Pipeline/Particles/SimpleLit' not found
Refreshing native plugins compatible for Editor in 1.55 ms, found 2 plugins.
Preloading 0 native plugins for Editor in 0.00 ms.
Unloading 3073 Unused Serialized files (Serialized files now loaded: 0)
System memory in use before: 150.6 MB.
System memory in use after: 150.8 MB.

Unloading 16 unused Assets to reduce memory usage. Loaded Objects now: 3710.
Total: 6.540300 ms (FindLiveObjects: 0.680100 ms CreateObjectMapping: 0.241400 ms MarkObjects: 5.561900 ms  DeleteObjects: 0.054200 ms)

========================================================================
Received Prepare
Registering precompiled user dll's ...
Registered in 0.038365 seconds.
Begin MonoManager ReloadAssembly
Native extension for WindowsStandalone target not found
Refreshing native plugins compatible for Editor in 1.55 ms, found 2 plugins.
Preloading 0 native plugins for Editor in 0.00 ms.
Mono: successfully reloaded assembly
- Completed reload, in  3.713 seconds
Platform modules already initialized, skipping
Shader 'Universal Render Pipeline/Particles/Lit': fallback shader 'Universal Render Pipeline/Particles/SimpleLit' not found
Refreshing native plugins compatible for Editor in 1.81 ms, found 2 plugins.
Preloading 0 native plugins for Editor in 0.00 ms.
Unloading 3073 Unused Serialized files (Serialized files now loaded: 0)
System memory in use before: 150.6 MB.
System memory in use after: 150.8 MB.

Unloading 15 unused Assets to reduce memory usage. Loaded Objects now: 3713.
Total: 11.408300 ms (FindLiveObjects: 1.307400 ms CreateObjectMapping: 0.749400 ms MarkObjects: 9.186400 ms  DeleteObjects: 0.161400 ms)

========================================================================
Received Prepare
Registering precompiled user dll's ...
Registered in 0.029476 seconds.
Begin MonoManager ReloadAssembly
Native extension for WindowsStandalone target not found
Refreshing native plugins compatible for Editor in 1.58 ms, found 2 plugins.
Preloading 0 native plugins for Editor in 0.00 ms.
Mono: successfully reloaded assembly
- Completed reload, in  3.809 seconds
Platform modules already initialized, skipping
Shader 'Universal Render Pipeline/Particles/Lit': fallback shader 'Universal Render Pipeline/Particles/SimpleLit' not found
Refreshing native plugins compatible for Editor in 1.51 ms, found 2 plugins.
Preloading 0 native plugins for Editor in 0.00 ms.
Unloading 3073 Unused Serialized files (Serialized files now loaded: 0)
System memory in use before: 150.6 MB.
System memory in use after: 150.8 MB.

Unloading 15 unused Assets to reduce memory usage. Loaded Objects now: 3716.
Total: 6.952300 ms (FindLiveObjects: 0.889400 ms CreateObjectMapping: 0.424400 ms MarkObjects: 5.566400 ms  DeleteObjects: 0.068900 ms)

========================================================================
Received Prepare
Registering precompiled user dll's ...
Registered in 0.035301 seconds.
Begin MonoManager ReloadAssembly
Native extension for WindowsStandalone target not found
Refreshing native plugins compatible for Editor in 1.29 ms, found 2 plugins.
Preloading 0 native plugins for Editor in 0.00 ms.
Mono: successfully reloaded assembly
- Completed reload, in  4.094 seconds
Platform modules already initialized, skipping
Shader 'Universal Render Pipeline/Particles/Lit': fallback shader 'Universal Render Pipeline/Particles/SimpleLit' not found
Refreshing native plugins compatible for Editor in 2.87 ms, found 2 plugins.
Preloading 0 native plugins for Editor in 0.00 ms.
Unloading 3073 Unused Serialized files (Serialized files now loaded: 0)
System memory in use before: 150.6 MB.
System memory in use after: 150.8 MB.

Unloading 15 unused Assets to reduce memory usage. Loaded Objects now: 3719.
Total: 7.283200 ms (FindLiveObjects: 0.648300 ms CreateObjectMapping: 0.360200 ms MarkObjects: 6.195100 ms  DeleteObjects: 0.075000 ms)

========================================================================
Received Prepare
Registering precompiled user dll's ...
Registered in 0.036060 seconds.
Begin MonoManager ReloadAssembly
Native extension for WindowsStandalone target not found
Refreshing native plugins compatible for Editor in 1.91 ms, found 2 plugins.
Preloading 0 native plugins for Editor in 0.00 ms.
Mono: successfully reloaded assembly
- Completed reload, in  4.237 seconds
Platform modules already initialized, skipping
Shader 'Universal Render Pipeline/Particles/Lit': fallback shader 'Universal Render Pipeline/Particles/SimpleLit' not found
Refreshing native plugins compatible for Editor in 2.12 ms, found 2 plugins.
Preloading 0 native plugins for Editor in 0.00 ms.
Unloading 3073 Unused Serialized files (Serialized files now loaded: 0)
System memory in use before: 150.6 MB.
System memory in use after: 150.8 MB.

Unloading 15 unused Assets to reduce memory usage. Loaded Objects now: 3722.
Total: 13.817200 ms (FindLiveObjects: 1.106800 ms CreateObjectMapping: 1.028400 ms MarkObjects: 11.602700 ms  DeleteObjects: 0.070600 ms)

