Using pre-set license
Built from '2020.3/staging' branch; Version is '2020.3.11f1 (99c7afb366b3) revision 10078127'; Using compiler version '192528614'; Build Type 'Release'
OS: 'Windows 10 Home Single Language; OS build 19042.1288; Version 2009; 64bit' Language: 'fr' Physical Memory: 8000 MB
BatchMode: 1, IsHumanControllingUs: 0, StartBugReporterOnCrash: 0, Is64bit: 1, IsPro: 0

 COMMAND LINE ARGUMENTS:
C:\Program Files\Unity\Hub\Editor\2020.3.11f1\Editor\Unity.exe
-adb2
-batchMode
-noUpm
-name
AssetImportWorker1
-projectPath
C:/Users/pbr98/Desktop/Unity Games/Game/Katharsis/Katharsis
-logFile
Logs/AssetImportWorker1.log
-srvPort
57290
Successfully changed project path to: C:/Users/pbr98/Desktop/Unity Games/Game/Katharsis/Katharsis
C:/Users/pbr98/Desktop/Unity Games/Game/Katharsis/Katharsis
Using Asset Import Pipeline V2.
Refreshing native plugins compatible for Editor in 281.14 ms, found 2 plugins.
Preloading 0 native plugins for Editor in 0.00 ms.
Initialize engine version: 2020.3.11f1 (99c7afb366b3)
[Subsystems] Discovering subsystems at path C:/Program Files/Unity/Hub/Editor/2020.3.11f1/Editor/Data/Resources/UnitySubsystems
[Subsystems] Discovering subsystems at path C:/Users/pbr98/Desktop/Unity Games/Game/Katharsis/Katharsis/Assets
GfxDevice: creating device client; threaded=0
Direct3D:
    Version:  Direct3D 11.0 [level 11.1]
    Renderer: NVIDIA GeForce GTX 1650 (ID=0x1f91)
    Vendor:   
    VRAM:     3962 MB
    Driver:   27.21.14.5763
Shader 'Universal Render Pipeline/Particles/Lit': fallback shader 'Universal Render Pipeline/Particles/SimpleLit' not found
Initialize mono
Mono path[0] = 'C:/Program Files/Unity/Hub/Editor/2020.3.11f1/Editor/Data/Managed'
Mono path[1] = 'C:/Program Files/Unity/Hub/Editor/2020.3.11f1/Editor/Data/MonoBleedingEdge/lib/mono/unityjit'
Mono config path = 'C:/Program Files/Unity/Hub/Editor/2020.3.11f1/Editor/Data/MonoBleedingEdge/etc'
Using monoOptions --debugger-agent=transport=dt_socket,embedding=1,server=y,suspend=n,address=127.0.0.1:56000
Begin MonoManager ReloadAssembly
Registering precompiled unity dll's ...
Register platform support module: C:/Program Files/Unity/Hub/Editor/2020.3.11f1/Editor/Data/PlaybackEngines/WindowsStandaloneSupport/UnityEditor.WindowsStandalone.Extensions.dll
Registered in 0.016763 seconds.
Native extension for WindowsStandalone target not found
Refreshing native plugins compatible for Editor in 351.21 ms, found 2 plugins.
Preloading 0 native plugins for Editor in 0.00 ms.
Mono: successfully reloaded assembly
- Completed reload, in  6.439 seconds
Platform modules already initialized, skipping
Registering precompiled user dll's ...
Registered in 0.044338 seconds.
Begin MonoManager ReloadAssembly
Native extension for WindowsStandalone target not found
Refreshing native plugins compatible for Editor in 340.13 ms, found 2 plugins.
Preloading 0 native plugins for Editor in 0.00 ms.
Mono: successfully reloaded assembly
- Completed reload, in  7.464 seconds
Platform modules already initialized, skipping
========================================================================
Worker process is ready to serve import requests
Shader 'Universal Render Pipeline/Particles/Lit': fallback shader 'Universal Render Pipeline/Particles/SimpleLit' not found
Launched and connected shader compiler UnityShaderCompiler.exe after 0.42 seconds
Refreshing native plugins compatible for Editor in 7.18 ms, found 2 plugins.
Preloading 0 native plugins for Editor in 0.00 ms.
Unloading 3417 Unused Serialized files (Serialized files now loaded: 0)
System memory in use before: 157.2 MB.
System memory in use after: 157.4 MB.

Unloading 21 unused Assets to reduce memory usage. Loaded Objects now: 3854.
Total: 15.622300 ms (FindLiveObjects: 2.241200 ms CreateObjectMapping: 1.008800 ms MarkObjects: 11.832000 ms  DeleteObjects: 0.454900 ms)

========================================================================
Received Import Request.
  path: Assets/Scripts/UI/UIController.cs
  artifactKey: Guid(3dab1548c81183647beb1368ed085c24) Importer(815301076,1909f56bfc062723c751e8b465ee728b)
Start importing Assets/Scripts/UI/UIController.cs using Guid(3dab1548c81183647beb1368ed085c24) Importer(815301076,1909f56bfc062723c751e8b465ee728b)  -> (artifact id: '523fec8680e466e3e288e87700b240ac') in 0.120400 seconds
  Import took 0.149884 seconds .

========================================================================
Received Prepare
Registering precompiled user dll's ...
Registered in 0.047697 seconds.
Begin MonoManager ReloadAssembly
Native extension for WindowsStandalone target not found
Refreshing native plugins compatible for Editor in 2.13 ms, found 2 plugins.
Preloading 0 native plugins for Editor in 0.00 ms.
Mono: successfully reloaded assembly
- Completed reload, in  4.408 seconds
Platform modules already initialized, skipping
Shader 'Universal Render Pipeline/Particles/Lit': fallback shader 'Universal Render Pipeline/Particles/SimpleLit' not found
Refreshing native plugins compatible for Editor in 2.00 ms, found 2 plugins.
Preloading 0 native plugins for Editor in 0.00 ms.
Unloading 3320 Unused Serialized files (Serialized files now loaded: 0)
System memory in use before: 148.2 MB.
System memory in use after: 148.5 MB.

Unloading 16 unused Assets to reduce memory usage. Loaded Objects now: 3857.
Total: 7.469800 ms (FindLiveObjects: 2.005800 ms CreateObjectMapping: 1.059500 ms MarkObjects: 4.323100 ms  DeleteObjects: 0.078500 ms)

========================================================================
Received Import Request.
  Time since last request: 151.956619 seconds.
  path: Assets/Scripts/UI/UIController.cs
  artifactKey: Guid(3dab1548c81183647beb1368ed085c24) Importer(815301076,1909f56bfc062723c751e8b465ee728b)
Start importing Assets/Scripts/UI/UIController.cs using Guid(3dab1548c81183647beb1368ed085c24) Importer(815301076,1909f56bfc062723c751e8b465ee728b)  -> (artifact id: '6eb241231db5bddc90f9a989c958af61') in 0.023045 seconds
  Import took 0.034462 seconds .

========================================================================
Received Prepare
Registering precompiled user dll's ...
Registered in 0.042375 seconds.
Begin MonoManager ReloadAssembly
Native extension for WindowsStandalone target not found
Refreshing native plugins compatible for Editor in 1.81 ms, found 2 plugins.
Preloading 0 native plugins for Editor in 0.00 ms.
Mono: successfully reloaded assembly
- Completed reload, in  4.871 seconds
Platform modules already initialized, skipping
Shader 'Universal Render Pipeline/Particles/Lit': fallback shader 'Universal Render Pipeline/Particles/SimpleLit' not found
Refreshing native plugins compatible for Editor in 4.02 ms, found 2 plugins.
Preloading 0 native plugins for Editor in 0.00 ms.
Unloading 3320 Unused Serialized files (Serialized files now loaded: 0)
System memory in use before: 148.3 MB.
System memory in use after: 148.5 MB.

Unloading 16 unused Assets to reduce memory usage. Loaded Objects now: 3860.
Total: 11.683500 ms (FindLiveObjects: 3.930400 ms CreateObjectMapping: 0.548800 ms MarkObjects: 7.154500 ms  DeleteObjects: 0.044500 ms)

========================================================================
Received Prepare
Registering precompiled user dll's ...
Registered in 0.042658 seconds.
Begin MonoManager ReloadAssembly
Native extension for WindowsStandalone target not found
Refreshing native plugins compatible for Editor in 1.85 ms, found 2 plugins.
Preloading 0 native plugins for Editor in 0.00 ms.
Mono: successfully reloaded assembly
- Completed reload, in  4.840 seconds
Platform modules already initialized, skipping
Shader 'Universal Render Pipeline/Particles/Lit': fallback shader 'Universal Render Pipeline/Particles/SimpleLit' not found
Refreshing native plugins compatible for Editor in 2.69 ms, found 2 plugins.
Preloading 0 native plugins for Editor in 0.00 ms.
Unloading 3320 Unused Serialized files (Serialized files now loaded: 0)
System memory in use before: 148.3 MB.
System memory in use after: 148.5 MB.

Unloading 16 unused Assets to reduce memory usage. Loaded Objects now: 3863.
Total: 14.334500 ms (FindLiveObjects: 2.566100 ms CreateObjectMapping: 0.570500 ms MarkObjects: 11.134100 ms  DeleteObjects: 0.057000 ms)

========================================================================
Received Import Request.
  Time since last request: 127.830472 seconds.
  path: Assets/Scripts/UI/UIController.cs
  artifactKey: Guid(3dab1548c81183647beb1368ed085c24) Importer(815301076,1909f56bfc062723c751e8b465ee728b)
Start importing Assets/Scripts/UI/UIController.cs using Guid(3dab1548c81183647beb1368ed085c24) Importer(815301076,1909f56bfc062723c751e8b465ee728b)  -> (artifact id: '71e57a7211cd8560ad3b9be612f83fdc') in 0.053907 seconds
  Import took 0.082545 seconds .

========================================================================
Received Prepare
Registering precompiled user dll's ...
Registered in 0.049811 seconds.
Begin MonoManager ReloadAssembly
Native extension for WindowsStandalone target not found
Refreshing native plugins compatible for Editor in 2.06 ms, found 2 plugins.
Preloading 0 native plugins for Editor in 0.00 ms.
Mono: successfully reloaded assembly
- Completed reload, in  5.536 seconds
Platform modules already initialized, skipping
Shader 'Universal Render Pipeline/Particles/Lit': fallback shader 'Universal Render Pipeline/Particles/SimpleLit' not found
Refreshing native plugins compatible for Editor in 3.46 ms, found 2 plugins.
Preloading 0 native plugins for Editor in 0.00 ms.
Unloading 3320 Unused Serialized files (Serialized files now loaded: 0)
System memory in use before: 148.3 MB.
System memory in use after: 148.6 MB.

Unloading 16 unused Assets to reduce memory usage. Loaded Objects now: 3866.
Total: 10.583200 ms (FindLiveObjects: 0.730100 ms CreateObjectMapping: 0.863400 ms MarkObjects: 8.931200 ms  DeleteObjects: 0.054600 ms)

========================================================================
Received Prepare
Registering precompiled user dll's ...
Registered in 0.042890 seconds.
Begin MonoManager ReloadAssembly
Native extension for WindowsStandalone target not found
Refreshing native plugins compatible for Editor in 1.87 ms, found 2 plugins.
Preloading 0 native plugins for Editor in 0.00 ms.
Mono: successfully reloaded assembly
- Completed reload, in  4.838 seconds
Platform modules already initialized, skipping
Shader 'Universal Render Pipeline/Particles/Lit': fallback shader 'Universal Render Pipeline/Particles/SimpleLit' not found
Refreshing native plugins compatible for Editor in 2.74 ms, found 2 plugins.
Preloading 0 native plugins for Editor in 0.00 ms.
Unloading 3320 Unused Serialized files (Serialized files now loaded: 0)
System memory in use before: 148.3 MB.
System memory in use after: 148.6 MB.

Unloading 16 unused Assets to reduce memory usage. Loaded Objects now: 3869.
Total: 10.626900 ms (FindLiveObjects: 0.941000 ms CreateObjectMapping: 0.465100 ms MarkObjects: 9.163400 ms  DeleteObjects: 0.053700 ms)

========================================================================
Received Import Request.
  Time since last request: 94.986606 seconds.
  path: Assets/Scripts/UI/UIController.cs
  artifactKey: Guid(3dab1548c81183647beb1368ed085c24) Importer(815301076,1909f56bfc062723c751e8b465ee728b)
Start importing Assets/Scripts/UI/UIController.cs using Guid(3dab1548c81183647beb1368ed085c24) Importer(815301076,1909f56bfc062723c751e8b465ee728b)  -> (artifact id: 'c3eac646f36b5426ce6bc8c340e800dd') in 0.036415 seconds
  Import took 0.062958 seconds .

========================================================================
Received Prepare
Registering precompiled user dll's ...
Registered in 0.037868 seconds.
Begin MonoManager ReloadAssembly
Native extension for WindowsStandalone target not found
Refreshing native plugins compatible for Editor in 3.88 ms, found 2 plugins.
Preloading 0 native plugins for Editor in 0.00 ms.
Mono: successfully reloaded assembly
- Completed reload, in  4.613 seconds
Platform modules already initialized, skipping
Shader 'Universal Render Pipeline/Particles/Lit': fallback shader 'Universal Render Pipeline/Particles/SimpleLit' not found
Refreshing native plugins compatible for Editor in 1.82 ms, found 2 plugins.
Preloading 0 native plugins for Editor in 0.00 ms.
Unloading 3320 Unused Serialized files (Serialized files now loaded: 0)
System memory in use before: 148.3 MB.
System memory in use after: 148.6 MB.

Unloading 16 unused Assets to reduce memory usage. Loaded Objects now: 3872.
Total: 8.691800 ms (FindLiveObjects: 0.644900 ms CreateObjectMapping: 0.234200 ms MarkObjects: 7.754600 ms  DeleteObjects: 0.055100 ms)

========================================================================
Received Prepare
Registering precompiled user dll's ...
Registered in 0.036775 seconds.
Begin MonoManager ReloadAssembly
Native extension for WindowsStandalone target not found
Refreshing native plugins compatible for Editor in 1.79 ms, found 2 plugins.
Preloading 0 native plugins for Editor in 0.00 ms.
Mono: successfully reloaded assembly
- Completed reload, in  4.609 seconds
Platform modules already initialized, skipping
Shader 'Universal Render Pipeline/Particles/Lit': fallback shader 'Universal Render Pipeline/Particles/SimpleLit' not found
Refreshing native plugins compatible for Editor in 1.83 ms, found 2 plugins.
Preloading 0 native plugins for Editor in 0.00 ms.
Unloading 3320 Unused Serialized files (Serialized files now loaded: 0)
System memory in use before: 148.3 MB.
System memory in use after: 148.6 MB.

Unloading 16 unused Assets to reduce memory usage. Loaded Objects now: 3875.
Total: 11.196000 ms (FindLiveObjects: 0.706900 ms CreateObjectMapping: 0.312500 ms MarkObjects: 10.105400 ms  DeleteObjects: 0.066700 ms)

========================================================================
Received Prepare
Registering precompiled user dll's ...
Registered in 0.038838 seconds.
Begin MonoManager ReloadAssembly
Native extension for WindowsStandalone target not found
Refreshing native plugins compatible for Editor in 2.06 ms, found 2 plugins.
Preloading 0 native plugins for Editor in 0.00 ms.
Mono: successfully reloaded assembly
- Completed reload, in  5.032 seconds
Platform modules already initialized, skipping
Shader 'Universal Render Pipeline/Particles/Lit': fallback shader 'Universal Render Pipeline/Particles/SimpleLit' not found
Refreshing native plugins compatible for Editor in 1.84 ms, found 2 plugins.
Preloading 0 native plugins for Editor in 0.00 ms.
Unloading 3320 Unused Serialized files (Serialized files now loaded: 0)
System memory in use before: 148.4 MB.
System memory in use after: 148.6 MB.

Unloading 16 unused Assets to reduce memory usage. Loaded Objects now: 3878.
Total: 9.124400 ms (FindLiveObjects: 0.792700 ms CreateObjectMapping: 1.668700 ms MarkObjects: 6.604600 ms  DeleteObjects: 0.055000 ms)

========================================================================
Received Prepare
Registering precompiled user dll's ...
Registered in 0.037947 seconds.
Begin MonoManager ReloadAssembly
Native extension for WindowsStandalone target not found
Refreshing native plugins compatible for Editor in 2.63 ms, found 2 plugins.
Preloading 0 native plugins for Editor in 0.00 ms.
Mono: successfully reloaded assembly
- Completed reload, in  4.793 seconds
Platform modules already initialized, skipping
Shader 'Universal Render Pipeline/Particles/Lit': fallback shader 'Universal Render Pipeline/Particles/SimpleLit' not found
Refreshing native plugins compatible for Editor in 4.16 ms, found 2 plugins.
Preloading 0 native plugins for Editor in 0.00 ms.
Unloading 3320 Unused Serialized files (Serialized files now loaded: 0)
System memory in use before: 148.4 MB.
System memory in use after: 148.6 MB.

Unloading 16 unused Assets to reduce memory usage. Loaded Objects now: 3881.
Total: 15.216100 ms (FindLiveObjects: 1.386600 ms CreateObjectMapping: 0.918200 ms MarkObjects: 12.747500 ms  DeleteObjects: 0.154500 ms)

========================================================================
Received Prepare
Registering precompiled user dll's ...
Registered in 0.037308 seconds.
Begin MonoManager ReloadAssembly
Native extension for WindowsStandalone target not found
Refreshing native plugins compatible for Editor in 3.32 ms, found 2 plugins.
Preloading 0 native plugins for Editor in 0.00 ms.
Mono: successfully reloaded assembly
- Completed reload, in  4.509 seconds
Platform modules already initialized, skipping
Shader 'Universal Render Pipeline/Particles/Lit': fallback shader 'Universal Render Pipeline/Particles/SimpleLit' not found
Refreshing native plugins compatible for Editor in 1.03 ms, found 2 plugins.
Preloading 0 native plugins for Editor in 0.00 ms.
Unloading 3320 Unused Serialized files (Serialized files now loaded: 0)
System memory in use before: 148.4 MB.
System memory in use after: 148.6 MB.

Unloading 16 unused Assets to reduce memory usage. Loaded Objects now: 3884.
Total: 7.627000 ms (FindLiveObjects: 0.654900 ms CreateObjectMapping: 0.239800 ms MarkObjects: 6.675400 ms  DeleteObjects: 0.054200 ms)

========================================================================
Received Prepare
Registering precompiled user dll's ...
Registered in 0.040169 seconds.
Begin MonoManager ReloadAssembly
Native extension for WindowsStandalone target not found
Refreshing native plugins compatible for Editor in 2.70 ms, found 2 plugins.
Preloading 0 native plugins for Editor in 0.00 ms.
Mono: successfully reloaded assembly
- Completed reload, in  3.807 seconds
Platform modules already initialized, skipping
Shader 'Universal Render Pipeline/Particles/Lit': fallback shader 'Universal Render Pipeline/Particles/SimpleLit' not found
Refreshing native plugins compatible for Editor in 2.04 ms, found 2 plugins.
Preloading 0 native plugins for Editor in 0.00 ms.
Unloading 3320 Unused Serialized files (Serialized files now loaded: 0)
System memory in use before: 148.4 MB.
System memory in use after: 148.6 MB.

Unloading 16 unused Assets to reduce memory usage. Loaded Objects now: 3887.
Total: 7.187600 ms (FindLiveObjects: 1.306800 ms CreateObjectMapping: 0.541100 ms MarkObjects: 5.298500 ms  DeleteObjects: 0.037800 ms)

========================================================================
Received Prepare
Registering precompiled user dll's ...
Registered in 0.036075 seconds.
Begin MonoManager ReloadAssembly
Native extension for WindowsStandalone target not found
Refreshing native plugins compatible for Editor in 2.95 ms, found 2 plugins.
Preloading 0 native plugins for Editor in 0.00 ms.
Mono: successfully reloaded assembly
- Completed reload, in  4.643 seconds
Platform modules already initialized, skipping
Shader 'Universal Render Pipeline/Particles/Lit': fallback shader 'Universal Render Pipeline/Particles/SimpleLit' not found
Refreshing native plugins compatible for Editor in 3.06 ms, found 2 plugins.
Preloading 0 native plugins for Editor in 0.00 ms.
Unloading 3320 Unused Serialized files (Serialized files now loaded: 0)
System memory in use before: 148.4 MB.
System memory in use after: 148.6 MB.

Unloading 16 unused Assets to reduce memory usage. Loaded Objects now: 3890.
Total: 16.646400 ms (FindLiveObjects: 2.229300 ms CreateObjectMapping: 1.006700 ms MarkObjects: 13.230000 ms  DeleteObjects: 0.170400 ms)

========================================================================
Received Prepare
Registering precompiled user dll's ...
Registered in 0.043155 seconds.
Begin MonoManager ReloadAssembly
Native extension for WindowsStandalone target not found
Refreshing native plugins compatible for Editor in 1.95 ms, found 2 plugins.
Preloading 0 native plugins for Editor in 0.00 ms.
Mono: successfully reloaded assembly
- Completed reload, in  5.406 seconds
Platform modules already initialized, skipping
Shader 'Universal Render Pipeline/Particles/Lit': fallback shader 'Universal Render Pipeline/Particles/SimpleLit' not found
Refreshing native plugins compatible for Editor in 3.50 ms, found 2 plugins.
Preloading 0 native plugins for Editor in 0.00 ms.
Unloading 3320 Unused Serialized files (Serialized files now loaded: 0)
System memory in use before: 148.4 MB.
System memory in use after: 148.6 MB.

Unloading 16 unused Assets to reduce memory usage. Loaded Objects now: 3893.
Total: 5.446100 ms (FindLiveObjects: 0.846600 ms CreateObjectMapping: 0.225900 ms MarkObjects: 4.343400 ms  DeleteObjects: 0.027900 ms)

========================================================================
Received Prepare
Registering precompiled user dll's ...
Registered in 0.037986 seconds.
Begin MonoManager ReloadAssembly
Native extension for WindowsStandalone target not found
Refreshing native plugins compatible for Editor in 1.80 ms, found 2 plugins.
Preloading 0 native plugins for Editor in 0.00 ms.
Mono: successfully reloaded assembly
- Completed reload, in  4.693 seconds
Platform modules already initialized, skipping
Shader 'Universal Render Pipeline/Particles/Lit': fallback shader 'Universal Render Pipeline/Particles/SimpleLit' not found
Refreshing native plugins compatible for Editor in 3.13 ms, found 2 plugins.
Preloading 0 native plugins for Editor in 0.00 ms.
Unloading 3320 Unused Serialized files (Serialized files now loaded: 0)
System memory in use before: 148.4 MB.
System memory in use after: 148.6 MB.

Unloading 16 unused Assets to reduce memory usage. Loaded Objects now: 3896.
Total: 22.227900 ms (FindLiveObjects: 2.046800 ms CreateObjectMapping: 0.920100 ms MarkObjects: 19.193400 ms  DeleteObjects: 0.062100 ms)

========================================================================
Received Prepare
Registering precompiled user dll's ...
Registered in 0.035619 seconds.
Begin MonoManager ReloadAssembly
Native extension for WindowsStandalone target not found
Refreshing native plugins compatible for Editor in 2.04 ms, found 2 plugins.
Preloading 0 native plugins for Editor in 0.00 ms.
Mono: successfully reloaded assembly
- Completed reload, in  5.055 seconds
Platform modules already initialized, skipping
Shader 'Universal Render Pipeline/Particles/Lit': fallback shader 'Universal Render Pipeline/Particles/SimpleLit' not found
Refreshing native plugins compatible for Editor in 3.68 ms, found 2 plugins.
Preloading 0 native plugins for Editor in 0.00 ms.
Unloading 3320 Unused Serialized files (Serialized files now loaded: 0)
System memory in use before: 148.4 MB.
System memory in use after: 148.6 MB.

Unloading 16 unused Assets to reduce memory usage. Loaded Objects now: 3899.
Total: 11.603200 ms (FindLiveObjects: 0.798800 ms CreateObjectMapping: 0.456300 ms MarkObjects: 10.261800 ms  DeleteObjects: 0.082300 ms)

========================================================================
Received Prepare
Registering precompiled user dll's ...
Registered in 0.054823 seconds.
Begin MonoManager ReloadAssembly
Native extension for WindowsStandalone target not found
Refreshing native plugins compatible for Editor in 2.05 ms, found 2 plugins.
Preloading 0 native plugins for Editor in 0.00 ms.
Mono: successfully reloaded assembly
- Completed reload, in  4.928 seconds
Platform modules already initialized, skipping
Shader 'Universal Render Pipeline/Particles/Lit': fallback shader 'Universal Render Pipeline/Particles/SimpleLit' not found
Refreshing native plugins compatible for Editor in 2.08 ms, found 2 plugins.
Preloading 0 native plugins for Editor in 0.00 ms.
Unloading 3320 Unused Serialized files (Serialized files now loaded: 0)
System memory in use before: 148.4 MB.
System memory in use after: 148.6 MB.

Unloading 16 unused Assets to reduce memory usage. Loaded Objects now: 3902.
Total: 9.705100 ms (FindLiveObjects: 1.041800 ms CreateObjectMapping: 0.807200 ms MarkObjects: 7.792900 ms  DeleteObjects: 0.059400 ms)

========================================================================
Received Prepare
Registering precompiled user dll's ...
Registered in 0.036517 seconds.
Begin MonoManager ReloadAssembly
Native extension for WindowsStandalone target not found
Refreshing native plugins compatible for Editor in 2.03 ms, found 2 plugins.
Preloading 0 native plugins for Editor in 0.00 ms.
Mono: successfully reloaded assembly
- Completed reload, in  4.948 seconds
Platform modules already initialized, skipping
Shader 'Universal Render Pipeline/Particles/Lit': fallback shader 'Universal Render Pipeline/Particles/SimpleLit' not found
Refreshing native plugins compatible for Editor in 2.38 ms, found 2 plugins.
Preloading 0 native plugins for Editor in 0.00 ms.
Unloading 3320 Unused Serialized files (Serialized files now loaded: 0)
System memory in use before: 148.4 MB.
System memory in use after: 148.6 MB.

Unloading 16 unused Assets to reduce memory usage. Loaded Objects now: 3905.
Total: 15.867300 ms (FindLiveObjects: 1.339400 ms CreateObjectMapping: 0.464100 ms MarkObjects: 13.954200 ms  DeleteObjects: 0.103900 ms)

========================================================================
Received Prepare
Registering precompiled user dll's ...
Registered in 0.038640 seconds.
Begin MonoManager ReloadAssembly
Native extension for WindowsStandalone target not found
Refreshing native plugins compatible for Editor in 1.81 ms, found 2 plugins.
Preloading 0 native plugins for Editor in 0.00 ms.
Mono: successfully reloaded assembly
- Completed reload, in  4.811 seconds
Platform modules already initialized, skipping
Shader 'Universal Render Pipeline/Particles/Lit': fallback shader 'Universal Render Pipeline/Particles/SimpleLit' not found
Refreshing native plugins compatible for Editor in 1.84 ms, found 2 plugins.
Preloading 0 native plugins for Editor in 0.00 ms.
Unloading 3320 Unused Serialized files (Serialized files now loaded: 0)
System memory in use before: 148.4 MB.
System memory in use after: 148.6 MB.

Unloading 16 unused Assets to reduce memory usage. Loaded Objects now: 3908.
Total: 7.992700 ms (FindLiveObjects: 0.562900 ms CreateObjectMapping: 0.270100 ms MarkObjects: 7.100000 ms  DeleteObjects: 0.056700 ms)

========================================================================
Received Prepare
Registering precompiled user dll's ...
Registered in 0.038833 seconds.
Begin MonoManager ReloadAssembly
Native extension for WindowsStandalone target not found
Refreshing native plugins compatible for Editor in 2.32 ms, found 2 plugins.
Preloading 0 native plugins for Editor in 0.00 ms.
Mono: successfully reloaded assembly
- Completed reload, in  5.406 seconds
Platform modules already initialized, skipping
Shader 'Universal Render Pipeline/Particles/Lit': fallback shader 'Universal Render Pipeline/Particles/SimpleLit' not found
Refreshing native plugins compatible for Editor in 14.73 ms, found 2 plugins.
Preloading 0 native plugins for Editor in 0.00 ms.
Unloading 3320 Unused Serialized files (Serialized files now loaded: 0)
System memory in use before: 148.4 MB.
System memory in use after: 148.6 MB.

Unloading 16 unused Assets to reduce memory usage. Loaded Objects now: 3911.
Total: 10.782200 ms (FindLiveObjects: 1.163100 ms CreateObjectMapping: 0.738800 ms MarkObjects: 8.810900 ms  DeleteObjects: 0.066000 ms)

========================================================================
Received Prepare
Registering precompiled user dll's ...
Registered in 0.046245 seconds.
Begin MonoManager ReloadAssembly
Native extension for WindowsStandalone target not found
Refreshing native plugins compatible for Editor in 1.90 ms, found 2 plugins.
Preloading 0 native plugins for Editor in 0.00 ms.
Mono: successfully reloaded assembly
- Completed reload, in  4.759 seconds
Platform modules already initialized, skipping
Shader 'Universal Render Pipeline/Particles/Lit': fallback shader 'Universal Render Pipeline/Particles/SimpleLit' not found
Refreshing native plugins compatible for Editor in 1.84 ms, found 2 plugins.
Preloading 0 native plugins for Editor in 0.00 ms.
Unloading 3320 Unused Serialized files (Serialized files now loaded: 0)
System memory in use before: 148.4 MB.
System memory in use after: 148.7 MB.

Unloading 16 unused Assets to reduce memory usage. Loaded Objects now: 3914.
Total: 10.332000 ms (FindLiveObjects: 0.778800 ms CreateObjectMapping: 0.487900 ms MarkObjects: 8.974200 ms  DeleteObjects: 0.078500 ms)

========================================================================
Received Prepare
Registering precompiled user dll's ...
Registered in 0.036041 seconds.
Begin MonoManager ReloadAssembly
Native extension for WindowsStandalone target not found
Refreshing native plugins compatible for Editor in 1.99 ms, found 2 plugins.
Preloading 0 native plugins for Editor in 0.00 ms.
Mono: successfully reloaded assembly
- Completed reload, in  4.756 seconds
Platform modules already initialized, skipping
Shader 'Universal Render Pipeline/Particles/Lit': fallback shader 'Universal Render Pipeline/Particles/SimpleLit' not found
Refreshing native plugins compatible for Editor in 1.93 ms, found 2 plugins.
Preloading 0 native plugins for Editor in 0.00 ms.
Unloading 3320 Unused Serialized files (Serialized files now loaded: 0)
System memory in use before: 148.4 MB.
System memory in use after: 148.7 MB.

Unloading 16 unused Assets to reduce memory usage. Loaded Objects now: 3917.
Total: 7.526100 ms (FindLiveObjects: 0.687400 ms CreateObjectMapping: 0.283300 ms MarkObjects: 6.501300 ms  DeleteObjects: 0.051000 ms)

========================================================================
Received Import Request.
  Time since last request: 1553.670971 seconds.
  path: Assets/Escenas/Comedor.unity
  artifactKey: Guid(a2bb4dc365f22464ebb89489b1617a7b) Importer(815301076,1909f56bfc062723c751e8b465ee728b)
Start importing Assets/Escenas/Comedor.unity using Guid(a2bb4dc365f22464ebb89489b1617a7b) Importer(815301076,1909f56bfc062723c751e8b465ee728b)  -> (artifact id: 'f144b0e1455f7ce70af305bf15ffef3b') in 0.148407 seconds
  Import took 0.165872 seconds .

========================================================================
Received Import Request.
  Time since last request: 523.748735 seconds.
  path: Assets/Prefabs/Jugador.prefab
  artifactKey: Guid(3fc03170ae7196f408187550be1c17db) Importer(815301076,1909f56bfc062723c751e8b465ee728b)
Start importing Assets/Prefabs/Jugador.prefab using Guid(3fc03170ae7196f408187550be1c17db) Importer(815301076,1909f56bfc062723c751e8b465ee728b)  -> (artifact id: 'e3a9ab6862ac25994919d2ca6a4118f9') in 1.003818 seconds
  Import took 1.026861 seconds .

========================================================================
Received Prepare
Registering precompiled user dll's ...
Registered in 0.041354 seconds.
Begin MonoManager ReloadAssembly
Native extension for WindowsStandalone target not found
Refreshing native plugins compatible for Editor in 2.75 ms, found 2 plugins.
Preloading 0 native plugins for Editor in 0.00 ms.
Mono: successfully reloaded assembly
- Completed reload, in  4.833 seconds
Platform modules already initialized, skipping
Shader 'Universal Render Pipeline/Particles/Lit': fallback shader 'Universal Render Pipeline/Particles/SimpleLit' not found
Refreshing native plugins compatible for Editor in 1.86 ms, found 2 plugins.
Preloading 0 native plugins for Editor in 0.00 ms.
Unloading 3320 Unused Serialized files (Serialized files now loaded: 0)
System memory in use before: 165.2 MB.
System memory in use after: 165.4 MB.

Unloading 16 unused Assets to reduce memory usage. Loaded Objects now: 3928.
Total: 7.289300 ms (FindLiveObjects: 0.658800 ms CreateObjectMapping: 0.238300 ms MarkObjects: 6.325400 ms  DeleteObjects: 0.063000 ms)

========================================================================
Received Import Request.
  Time since last request: 21.130583 seconds.
  path: Assets/Prefabs/Jugador.prefab
  artifactKey: Guid(3fc03170ae7196f408187550be1c17db) Importer(815301076,1909f56bfc062723c751e8b465ee728b)
Start importing Assets/Prefabs/Jugador.prefab using Guid(3fc03170ae7196f408187550be1c17db) Importer(815301076,1909f56bfc062723c751e8b465ee728b)  -> (artifact id: '24c1e2220e141dc11cc5de01b9d17eec') in 0.575512 seconds
  Import took 0.598219 seconds .

========================================================================
Received Prepare
Registering precompiled user dll's ...
Registered in 0.016234 seconds.
Begin MonoManager ReloadAssembly
Native extension for WindowsStandalone target not found
Refreshing native plugins compatible for Editor in 0.97 ms, found 2 plugins.
Preloading 0 native plugins for Editor in 0.00 ms.
Mono: successfully reloaded assembly
- Completed reload, in  2.069 seconds
Platform modules already initialized, skipping
Shader 'Universal Render Pipeline/Particles/Lit': fallback shader 'Universal Render Pipeline/Particles/SimpleLit' not found
Refreshing native plugins compatible for Editor in 1.01 ms, found 2 plugins.
Preloading 0 native plugins for Editor in 0.00 ms.
Unloading 3320 Unused Serialized files (Serialized files now loaded: 0)
System memory in use before: 165.2 MB.
System memory in use after: 165.4 MB.

Unloading 16 unused Assets to reduce memory usage. Loaded Objects now: 3932.
Total: 4.780700 ms (FindLiveObjects: 0.433800 ms CreateObjectMapping: 0.115100 ms MarkObjects: 4.201100 ms  DeleteObjects: 0.028500 ms)

========================================================================
Received Import Request.
  Time since last request: 131.318808 seconds.
  path: Assets/Prefabs/Objetos/Extras/fruterito.prefab
  artifactKey: Guid(a0472df9a0408d74dbcb7970af0e6440) Importer(815301076,1909f56bfc062723c751e8b465ee728b)
Start importing Assets/Prefabs/Objetos/Extras/fruterito.prefab using Guid(a0472df9a0408d74dbcb7970af0e6440) Importer(815301076,1909f56bfc062723c751e8b465ee728b)  -> (artifact id: '9056d27e683cfb53ecdb98d1d24feb35') in 0.170051 seconds
  Import took 0.185075 seconds .

========================================================================
Received Import Request.
  Time since last request: 0.000878 seconds.
  path: Assets/Prefabs/Objetos/Extras/vino.prefab
  artifactKey: Guid(aae7833c6194a9f41962ec553afcb06b) Importer(815301076,1909f56bfc062723c751e8b465ee728b)
Start importing Assets/Prefabs/Objetos/Extras/vino.prefab using Guid(aae7833c6194a9f41962ec553afcb06b) Importer(815301076,1909f56bfc062723c751e8b465ee728b)  -> (artifact id: 'a710aacaef73f1b4a139891019426286') in 0.025245 seconds
  Import took 0.035899 seconds .

========================================================================
Received Import Request.
  Time since last request: 0.000609 seconds.
  path: Assets/Prefabs/Objetos/Extras/reloj2.prefab
  artifactKey: Guid(4f924ab0607546e44bfc22eaf8c44e23) Importer(815301076,1909f56bfc062723c751e8b465ee728b)
Start importing Assets/Prefabs/Objetos/Extras/reloj2.prefab using Guid(4f924ab0607546e44bfc22eaf8c44e23) Importer(815301076,1909f56bfc062723c751e8b465ee728b)  -> (artifact id: 'd6fa4747b970be539094d524a561e155') in 0.053359 seconds
  Import took 0.064642 seconds .

========================================================================
Received Import Request.
  Time since last request: 0.000820 seconds.
  path: Assets/Prefabs/Objetos/Extras/monsterra.prefab
  artifactKey: Guid(e381374f9e77be94da3684e4716022ba) Importer(815301076,1909f56bfc062723c751e8b465ee728b)
Start importing Assets/Prefabs/Objetos/Extras/monsterra.prefab using Guid(e381374f9e77be94da3684e4716022ba) Importer(815301076,1909f56bfc062723c751e8b465ee728b)  -> (artifact id: 'caa44bfea2a77cbaba46fc91654d7081') in 0.043797 seconds
  Import took 0.056347 seconds .

========================================================================
Received Import Request.
  Time since last request: 0.000754 seconds.
  path: Assets/Prefabs/Objetos/Extras/lavadora.FBX
  artifactKey: Guid(cfa86f61e52b5b745ab9d4f168389b05) Importer(815301076,1909f56bfc062723c751e8b465ee728b)
Start importing Assets/Prefabs/Objetos/Extras/lavadora.FBX using Guid(cfa86f61e52b5b745ab9d4f168389b05) Importer(815301076,1909f56bfc062723c751e8b465ee728b)  -> (artifact id: '92ad91391820b2b4b7c460d589f912be') in 0.158223 seconds
  Import took 0.168830 seconds .

========================================================================
Received Import Request.
  Time since last request: 0.000686 seconds.
  path: Assets/Prefabs/Objetos/Extras/hoewa_Forsteriana.prefab
  artifactKey: Guid(824a7f0e898c33b449b48db918f9c50a) Importer(815301076,1909f56bfc062723c751e8b465ee728b)
Start importing Assets/Prefabs/Objetos/Extras/hoewa_Forsteriana.prefab using Guid(824a7f0e898c33b449b48db918f9c50a) Importer(815301076,1909f56bfc062723c751e8b465ee728b)  -> (artifact id: 'e50b540b5b04ffdd31d3a827acd8c5fa') in 0.048684 seconds
  Import took 0.060295 seconds .

========================================================================
Received Import Request.
  Time since last request: 0.000914 seconds.
  path: Assets/Prefabs/Objetos/Extras/fruterito.prefab
  artifactKey: Guid(a0472df9a0408d74dbcb7970af0e6440) Importer(815301076,1909f56bfc062723c751e8b465ee728b)
Start importing Assets/Prefabs/Objetos/Extras/fruterito.prefab using Guid(a0472df9a0408d74dbcb7970af0e6440) Importer(815301076,1909f56bfc062723c751e8b465ee728b)  -> (artifact id: '9056d27e683cfb53ecdb98d1d24feb35') in 0.045121 seconds
  Import took 0.058357 seconds .

========================================================================
Received Prepare
Registering precompiled user dll's ...
Registered in 0.016512 seconds.
Begin MonoManager ReloadAssembly
Native extension for WindowsStandalone target not found
Refreshing native plugins compatible for Editor in 2.46 ms, found 2 plugins.
Preloading 0 native plugins for Editor in 0.00 ms.
Mono: successfully reloaded assembly
- Completed reload, in  2.093 seconds
Platform modules already initialized, skipping
Shader 'Universal Render Pipeline/Particles/Lit': fallback shader 'Universal Render Pipeline/Particles/SimpleLit' not found
Refreshing native plugins compatible for Editor in 1.39 ms, found 2 plugins.
Preloading 0 native plugins for Editor in 0.00 ms.
Unloading 3320 Unused Serialized files (Serialized files now loaded: 0)
System memory in use before: 165.7 MB.
System memory in use after: 165.9 MB.

Unloading 16 unused Assets to reduce memory usage. Loaded Objects now: 3973.
Total: 23.363300 ms (FindLiveObjects: 7.284300 ms CreateObjectMapping: 3.581100 ms MarkObjects: 12.422200 ms  DeleteObjects: 0.067100 ms)

========================================================================
Received Import Request.
  Time since last request: 67.505487 seconds.
  path: Assets/Prefabs/Jugador.prefab
  artifactKey: Guid(3fc03170ae7196f408187550be1c17db) Importer(815301076,1909f56bfc062723c751e8b465ee728b)
Start importing Assets/Prefabs/Jugador.prefab using Guid(3fc03170ae7196f408187550be1c17db) Importer(815301076,1909f56bfc062723c751e8b465ee728b)  -> (artifact id: '01da4d57f58e94631c899d8ecce6391f') in 0.370984 seconds
  Import took 0.390900 seconds .

========================================================================
Received Import Request.
  Time since last request: 2.995872 seconds.
  path: Assets/Prefabs/Jugador.prefab
  artifactKey: Guid(3fc03170ae7196f408187550be1c17db) Importer(815301076,1909f56bfc062723c751e8b465ee728b)
Start importing Assets/Prefabs/Jugador.prefab using Guid(3fc03170ae7196f408187550be1c17db) Importer(815301076,1909f56bfc062723c751e8b465ee728b)  -> (artifact id: 'f3340c728942ae2cd84541d8f7f420d6') in 0.184845 seconds
  Import took 0.205354 seconds .

========================================================================
Received Import Request.
  Time since last request: 2.185885 seconds.
  path: Assets/Prefabs/Jugador.prefab
  artifactKey: Guid(3fc03170ae7196f408187550be1c17db) Importer(815301076,1909f56bfc062723c751e8b465ee728b)
Start importing Assets/Prefabs/Jugador.prefab using Guid(3fc03170ae7196f408187550be1c17db) Importer(815301076,1909f56bfc062723c751e8b465ee728b)  -> (artifact id: '571e83cb964b71e76a6c7fcfb756c7e6') in 0.202658 seconds
  Import took 0.222454 seconds .

========================================================================
Received Prepare
Registering precompiled user dll's ...
Registered in 0.029326 seconds.
Begin MonoManager ReloadAssembly
Native extension for WindowsStandalone target not found
Refreshing native plugins compatible for Editor in 1.17 ms, found 2 plugins.
Preloading 0 native plugins for Editor in 0.00 ms.
Mono: successfully reloaded assembly
- Completed reload, in  2.166 seconds
Platform modules already initialized, skipping
Shader 'Universal Render Pipeline/Particles/Lit': fallback shader 'Universal Render Pipeline/Particles/SimpleLit' not found
Refreshing native plugins compatible for Editor in 0.96 ms, found 2 plugins.
Preloading 0 native plugins for Editor in 0.00 ms.
Unloading 3320 Unused Serialized files (Serialized files now loaded: 0)
System memory in use before: 165.7 MB.
System memory in use after: 165.9 MB.

Unloading 16 unused Assets to reduce memory usage. Loaded Objects now: 3977.
Total: 4.034200 ms (FindLiveObjects: 0.433300 ms CreateObjectMapping: 0.127600 ms MarkObjects: 3.440100 ms  DeleteObjects: 0.031200 ms)

========================================================================
Received Import Request.
  Time since last request: 77.061857 seconds.
  path: Assets/Escenas/Cocina.unity
  artifactKey: Guid(9fc0d4010bbf28b4594072e72b8655ab) Importer(815301076,1909f56bfc062723c751e8b465ee728b)
Start importing Assets/Escenas/Cocina.unity using Guid(9fc0d4010bbf28b4594072e72b8655ab) Importer(815301076,1909f56bfc062723c751e8b465ee728b)  -> (artifact id: '482285d295e48c7fbdea2706ca264585') in 0.056473 seconds
  Import took 0.068631 seconds .

========================================================================
Received Prepare
Registering precompiled user dll's ...
Registered in 0.020085 seconds.
Begin MonoManager ReloadAssembly
Native extension for WindowsStandalone target not found
Refreshing native plugins compatible for Editor in 1.78 ms, found 2 plugins.
Preloading 0 native plugins for Editor in 0.00 ms.
Mono: successfully reloaded assembly
- Completed reload, in  2.152 seconds
Platform modules already initialized, skipping
Shader 'Universal Render Pipeline/Particles/Lit': fallback shader 'Universal Render Pipeline/Particles/SimpleLit' not found
Refreshing native plugins compatible for Editor in 1.09 ms, found 2 plugins.
Preloading 0 native plugins for Editor in 0.00 ms.
Unloading 3320 Unused Serialized files (Serialized files now loaded: 0)
System memory in use before: 165.7 MB.
System memory in use after: 165.9 MB.

Unloading 16 unused Assets to reduce memory usage. Loaded Objects now: 3980.
Total: 5.356400 ms (FindLiveObjects: 0.591200 ms CreateObjectMapping: 0.180600 ms MarkObjects: 4.517700 ms  DeleteObjects: 0.063600 ms)

========================================================================
Received Import Request.
  Time since last request: 663.114144 seconds.
  path: Assets/Escenas/Sala.unity
  artifactKey: Guid(3655b9e6f30b13d4e8ccd86522b59afd) Importer(815301076,1909f56bfc062723c751e8b465ee728b)
Start importing Assets/Escenas/Sala.unity using Guid(3655b9e6f30b13d4e8ccd86522b59afd) Importer(815301076,1909f56bfc062723c751e8b465ee728b)  -> (artifact id: '3679b71843a89110ff059f9b06a1db3f') in 0.062078 seconds
  Import took 0.074668 seconds .

========================================================================
Received Import Request.
  Time since last request: 48.219776 seconds.
  path: Assets/Escenas/Comedor.unity
  artifactKey: Guid(a2bb4dc365f22464ebb89489b1617a7b) Importer(815301076,1909f56bfc062723c751e8b465ee728b)
Start importing Assets/Escenas/Comedor.unity using Guid(a2bb4dc365f22464ebb89489b1617a7b) Importer(815301076,1909f56bfc062723c751e8b465ee728b)  -> (artifact id: '097f255ed0c4b1da5e93aed57c8d96bf') in 0.015699 seconds
  Import took 0.026731 seconds .

========================================================================
Received Import Request.
  Time since last request: 10.703067 seconds.
  path: Assets/Escenas/Sala.unity
  artifactKey: Guid(3655b9e6f30b13d4e8ccd86522b59afd) Importer(815301076,1909f56bfc062723c751e8b465ee728b)
Start importing Assets/Escenas/Sala.unity using Guid(3655b9e6f30b13d4e8ccd86522b59afd) Importer(815301076,1909f56bfc062723c751e8b465ee728b)  -> (artifact id: '2754e9835aa6c434fb1b6c0ea3cda2d0') in 0.013036 seconds
  Import took 0.024905 seconds .

========================================================================
Received Prepare
Registering precompiled user dll's ...
Registered in 0.024564 seconds.
Begin MonoManager ReloadAssembly
Native extension for WindowsStandalone target not found
Refreshing native plugins compatible for Editor in 1.64 ms, found 2 plugins.
Preloading 0 native plugins for Editor in 0.00 ms.
Mono: successfully reloaded assembly
- Completed reload, in  2.282 seconds
Platform modules already initialized, skipping
Shader 'Universal Render Pipeline/Particles/Lit': fallback shader 'Universal Render Pipeline/Particles/SimpleLit' not found
Refreshing native plugins compatible for Editor in 1.65 ms, found 2 plugins.
Preloading 0 native plugins for Editor in 0.00 ms.
Unloading 3320 Unused Serialized files (Serialized files now loaded: 0)
System memory in use before: 165.7 MB.
System memory in use after: 166.0 MB.

Unloading 16 unused Assets to reduce memory usage. Loaded Objects now: 3983.
Total: 4.520400 ms (FindLiveObjects: 0.494900 ms CreateObjectMapping: 0.222500 ms MarkObjects: 3.760600 ms  DeleteObjects: 0.039200 ms)

========================================================================
Received Import Request.
  Time since last request: 94.677160 seconds.
  path: Assets/Escenas/Cocina.unity
  artifactKey: Guid(9fc0d4010bbf28b4594072e72b8655ab) Importer(815301076,1909f56bfc062723c751e8b465ee728b)
Start importing Assets/Escenas/Cocina.unity using Guid(9fc0d4010bbf28b4594072e72b8655ab) Importer(815301076,1909f56bfc062723c751e8b465ee728b)  -> (artifact id: 'd22f94e14f4f52028c0390e10f01e342') in 0.060582 seconds
  Import took 0.071679 seconds .

========================================================================
Received Import Request.
  Time since last request: 1.315049 seconds.
  path: Assets/Escenas/Cocina.unity
  artifactKey: Guid(9fc0d4010bbf28b4594072e72b8655ab) Importer(815301076,1909f56bfc062723c751e8b465ee728b)
Start importing Assets/Escenas/Cocina.unity using Guid(9fc0d4010bbf28b4594072e72b8655ab) Importer(815301076,1909f56bfc062723c751e8b465ee728b)  -> (artifact id: 'd22f94e14f4f52028c0390e10f01e342') in 0.007344 seconds
  Import took 0.017184 seconds .

========================================================================
Received Prepare
Registering precompiled user dll's ...
Registered in 0.022974 seconds.
Begin MonoManager ReloadAssembly
Native extension for WindowsStandalone target not found
Refreshing native plugins compatible for Editor in 1.45 ms, found 2 plugins.
Preloading 0 native plugins for Editor in 0.00 ms.
Mono: successfully reloaded assembly
- Completed reload, in  2.406 seconds
Platform modules already initialized, skipping
Shader 'Universal Render Pipeline/Particles/Lit': fallback shader 'Universal Render Pipeline/Particles/SimpleLit' not found
Refreshing native plugins compatible for Editor in 1.15 ms, found 2 plugins.
Preloading 0 native plugins for Editor in 0.00 ms.
Unloading 3320 Unused Serialized files (Serialized files now loaded: 0)
System memory in use before: 165.7 MB.
System memory in use after: 166.0 MB.

Unloading 16 unused Assets to reduce memory usage. Loaded Objects now: 3986.
Total: 4.480500 ms (FindLiveObjects: 0.488000 ms CreateObjectMapping: 0.143900 ms MarkObjects: 3.817200 ms  DeleteObjects: 0.029600 ms)

========================================================================
Received Prepare
Registering precompiled user dll's ...
Registered in 0.020313 seconds.
Begin MonoManager ReloadAssembly
Native extension for WindowsStandalone target not found
Refreshing native plugins compatible for Editor in 1.02 ms, found 2 plugins.
Preloading 0 native plugins for Editor in 0.00 ms.
Mono: successfully reloaded assembly
- Completed reload, in  2.250 seconds
Platform modules already initialized, skipping
Shader 'Universal Render Pipeline/Particles/Lit': fallback shader 'Universal Render Pipeline/Particles/SimpleLit' not found
Refreshing native plugins compatible for Editor in 1.12 ms, found 2 plugins.
Preloading 0 native plugins for Editor in 0.00 ms.
Unloading 3320 Unused Serialized files (Serialized files now loaded: 0)
System memory in use before: 165.7 MB.
System memory in use after: 166.0 MB.

Unloading 16 unused Assets to reduce memory usage. Loaded Objects now: 3989.
Total: 5.020400 ms (FindLiveObjects: 0.498600 ms CreateObjectMapping: 0.228400 ms MarkObjects: 4.251300 ms  DeleteObjects: 0.039300 ms)

========================================================================
Received Import Request.
  Time since last request: 636.832492 seconds.
  path: Assets/Prefabs/Jugador.prefab
  artifactKey: Guid(3fc03170ae7196f408187550be1c17db) Importer(815301076,1909f56bfc062723c751e8b465ee728b)
Start importing Assets/Prefabs/Jugador.prefab using Guid(3fc03170ae7196f408187550be1c17db) Importer(815301076,1909f56bfc062723c751e8b465ee728b)  -> (artifact id: 'd46924d094e839fabaa9c048d1c7090d') in 0.431571 seconds
  Import took 0.445077 seconds .

========================================================================
Received Import Request.
  Time since last request: 4.867521 seconds.
  path: Assets/Prefabs/Objetos/Extras/cuerda2.prefab
  artifactKey: Guid(984ae981e643ae345a673dc40dab5a30) Importer(815301076,1909f56bfc062723c751e8b465ee728b)
Start importing Assets/Prefabs/Objetos/Extras/cuerda2.prefab using Guid(984ae981e643ae345a673dc40dab5a30) Importer(815301076,1909f56bfc062723c751e8b465ee728b)  -> (artifact id: '7b30a7ea83cac52122d068bf82552b84') in 0.035210 seconds
  Import took 0.046556 seconds .

========================================================================
Received Import Request.
  Time since last request: 0.000669 seconds.
  path: Assets/Prefabs/Objetos/Extras/cuerda3.prefab
  artifactKey: Guid(8dc5af6ca67990a4198e5830034205ae) Importer(815301076,1909f56bfc062723c751e8b465ee728b)
Start importing Assets/Prefabs/Objetos/Extras/cuerda3.prefab using Guid(8dc5af6ca67990a4198e5830034205ae) Importer(815301076,1909f56bfc062723c751e8b465ee728b)  -> (artifact id: '1208e466449f44400d9854ed1028a67a') in 0.033667 seconds
  Import took 0.046534 seconds .

========================================================================
Received Prepare
Registering precompiled user dll's ...
Registered in 0.033731 seconds.
Begin MonoManager ReloadAssembly
Native extension for WindowsStandalone target not found
Refreshing native plugins compatible for Editor in 1.25 ms, found 2 plugins.
Preloading 0 native plugins for Editor in 0.00 ms.
Mono: successfully reloaded assembly
- Completed reload, in  2.099 seconds
Platform modules already initialized, skipping
Shader 'Universal Render Pipeline/Particles/Lit': fallback shader 'Universal Render Pipeline/Particles/SimpleLit' not found
Refreshing native plugins compatible for Editor in 2.16 ms, found 2 plugins.
Preloading 0 native plugins for Editor in 0.00 ms.
Unloading 3321 Unused Serialized files (Serialized files now loaded: 0)
System memory in use before: 165.8 MB.
System memory in use after: 166.0 MB.

Unloading 17 unused Assets to reduce memory usage. Loaded Objects now: 3994.
Total: 6.790600 ms (FindLiveObjects: 1.346600 ms CreateObjectMapping: 0.532300 ms MarkObjects: 4.864700 ms  DeleteObjects: 0.042200 ms)

========================================================================
Received Prepare
Registering precompiled user dll's ...
Registered in 0.016832 seconds.
Begin MonoManager ReloadAssembly
Native extension for WindowsStandalone target not found
Refreshing native plugins compatible for Editor in 1.06 ms, found 2 plugins.
Preloading 0 native plugins for Editor in 0.00 ms.
Mono: successfully reloaded assembly
- Completed reload, in  2.312 seconds
Platform modules already initialized, skipping
Shader 'Universal Render Pipeline/Particles/Lit': fallback shader 'Universal Render Pipeline/Particles/SimpleLit' not found
Refreshing native plugins compatible for Editor in 1.04 ms, found 2 plugins.
Preloading 0 native plugins for Editor in 0.00 ms.
Unloading 3321 Unused Serialized files (Serialized files now loaded: 0)
System memory in use before: 165.8 MB.
System memory in use after: 166.0 MB.

Unloading 16 unused Assets to reduce memory usage. Loaded Objects now: 3997.
Total: 4.502100 ms (FindLiveObjects: 0.512100 ms CreateObjectMapping: 0.143800 ms MarkObjects: 3.807600 ms  DeleteObjects: 0.035900 ms)

========================================================================
Received Prepare
Registering precompiled user dll's ...
Registered in 0.023933 seconds.
Begin MonoManager ReloadAssembly
Native extension for WindowsStandalone target not found
Refreshing native plugins compatible for Editor in 1.77 ms, found 2 plugins.
Preloading 0 native plugins for Editor in 0.00 ms.
Mono: successfully reloaded assembly
- Completed reload, in  2.916 seconds
Platform modules already initialized, skipping
Shader 'Universal Render Pipeline/Particles/Lit': fallback shader 'Universal Render Pipeline/Particles/SimpleLit' not found
Refreshing native plugins compatible for Editor in 1.69 ms, found 2 plugins.
Preloading 0 native plugins for Editor in 0.00 ms.
Unloading 3321 Unused Serialized files (Serialized files now loaded: 0)
System memory in use before: 165.8 MB.
System memory in use after: 166.0 MB.

Unloading 16 unused Assets to reduce memory usage. Loaded Objects now: 4000.
Total: 10.039100 ms (FindLiveObjects: 1.009500 ms CreateObjectMapping: 0.491100 ms MarkObjects: 8.459600 ms  DeleteObjects: 0.075000 ms)

========================================================================
Received Prepare
Registering precompiled user dll's ...
Registered in 0.017923 seconds.
Begin MonoManager ReloadAssembly
Native extension for WindowsStandalone target not found
Refreshing native plugins compatible for Editor in 1.78 ms, found 2 plugins.
Preloading 0 native plugins for Editor in 0.00 ms.
Mono: successfully reloaded assembly
- Completed reload, in  2.345 seconds
Platform modules already initialized, skipping
Shader 'Universal Render Pipeline/Particles/Lit': fallback shader 'Universal Render Pipeline/Particles/SimpleLit' not found
Refreshing native plugins compatible for Editor in 1.82 ms, found 2 plugins.
Preloading 0 native plugins for Editor in 0.00 ms.
Unloading 3321 Unused Serialized files (Serialized files now loaded: 0)
System memory in use before: 165.8 MB.
System memory in use after: 166.0 MB.

Unloading 16 unused Assets to reduce memory usage. Loaded Objects now: 4003.
Total: 8.618900 ms (FindLiveObjects: 0.931100 ms CreateObjectMapping: 0.488700 ms MarkObjects: 7.149800 ms  DeleteObjects: 0.046300 ms)

========================================================================
Received Import Request.
  Time since last request: 391.743374 seconds.
  path: Assets/Escenas/Titulo.unity
  artifactKey: Guid(e2aefb43ef0c05a4e95204929702c148) Importer(815301076,1909f56bfc062723c751e8b465ee728b)
Start importing Assets/Escenas/Titulo.unity using Guid(e2aefb43ef0c05a4e95204929702c148) Importer(815301076,1909f56bfc062723c751e8b465ee728b)  -> (artifact id: '3e9aae918040854251987fe92965028e') in 0.027015 seconds
  Import took 0.039557 seconds .

========================================================================
Received Prepare
Registering precompiled user dll's ...
Registered in 0.020570 seconds.
Begin MonoManager ReloadAssembly
Native extension for WindowsStandalone target not found
Refreshing native plugins compatible for Editor in 1.29 ms, found 2 plugins.
Preloading 0 native plugins for Editor in 0.00 ms.
Mono: successfully reloaded assembly
- Completed reload, in  2.066 seconds
Platform modules already initialized, skipping
Shader 'Universal Render Pipeline/Particles/Lit': fallback shader 'Universal Render Pipeline/Particles/SimpleLit' not found
Refreshing native plugins compatible for Editor in 0.98 ms, found 2 plugins.
Preloading 0 native plugins for Editor in 0.00 ms.
Unloading 3321 Unused Serialized files (Serialized files now loaded: 0)
System memory in use before: 165.8 MB.
System memory in use after: 166.0 MB.

Unloading 16 unused Assets to reduce memory usage. Loaded Objects now: 4006.
Total: 4.040000 ms (FindLiveObjects: 0.447600 ms CreateObjectMapping: 0.140000 ms MarkObjects: 3.421700 ms  DeleteObjects: 0.028500 ms)

========================================================================
Received Prepare
Shader 'Universal Render Pipeline/Particles/Lit': fallback shader 'Universal Render Pipeline/Particles/SimpleLit' not found
Refreshing native plugins compatible for Editor in 13.59 ms, found 2 plugins.
Preloading 0 native plugins for Editor in 0.00 ms.
Unloading 13 Unused Serialized files (Serialized files now loaded: 0)
System memory in use before: 100.4 MB.
System memory in use after: 100.7 MB.

Unloading 13 unused Assets to reduce memory usage. Loaded Objects now: 4006.
Total: 7.603300 ms (FindLiveObjects: 0.458700 ms CreateObjectMapping: 0.187100 ms MarkObjects: 6.920200 ms  DeleteObjects: 0.034500 ms)

========================================================================
Received Import Request.
  Time since last request: 146.879301 seconds.
  path: Assets/Prefabs/Jugador.prefab
  artifactKey: Guid(3fc03170ae7196f408187550be1c17db) Importer(815301076,1909f56bfc062723c751e8b465ee728b)
Start importing Assets/Prefabs/Jugador.prefab using Guid(3fc03170ae7196f408187550be1c17db) Importer(815301076,1909f56bfc062723c751e8b465ee728b)  -> (artifact id: 'e7a6392d33d3d0c91595f59eaf887237') in 1.354996 seconds
  Import took 1.416053 seconds .

========================================================================
Received Prepare
Shader 'Universal Render Pipeline/Particles/Lit': fallback shader 'Universal Render Pipeline/Particles/SimpleLit' not found
Refreshing native plugins compatible for Editor in 113.86 ms, found 2 plugins.
Preloading 0 native plugins for Editor in 0.00 ms.
Unloading 13 Unused Serialized files (Serialized files now loaded: 0)
System memory in use before: 102.4 MB.
System memory in use after: 102.7 MB.

Unloading 13 unused Assets to reduce memory usage. Loaded Objects now: 4007.
Total: 148.685900 ms (FindLiveObjects: 2.213500 ms CreateObjectMapping: 0.575300 ms MarkObjects: 145.852600 ms  DeleteObjects: 0.039000 ms)

